{"C:\\Users\\anneb\\OneDrive\\Desktop\\GUI-2\\pos-app\\src\\App.jsx": {"path":"C:\\Users\\anneb\\OneDrive\\Desktop\\GUI-2\\pos-app\\src\\App.jsx","all":false,"statementMap":{"0":{"start":{"line":1,"column":0},"end":{"line":1,"column":44}},"14":{"start":{"line":15,"column":0},"end":{"line":15,"column":22}},"15":{"start":{"line":16,"column":0},"end":{"line":16,"column":62}},"16":{"start":{"line":17,"column":0},"end":{"line":17,"column":56}},"17":{"start":{"line":18,"column":0},"end":{"line":18,"column":52}},"18":{"start":{"line":19,"column":0},"end":{"line":19,"column":58}},"20":{"start":{"line":21,"column":0},"end":{"line":21,"column":18}},"21":{"start":{"line":22,"column":0},"end":{"line":22,"column":19}},"22":{"start":{"line":23,"column":0},"end":{"line":23,"column":12}},"23":{"start":{"line":24,"column":0},"end":{"line":24,"column":7}},"24":{"start":{"line":25,"column":0},"end":{"line":25,"column":17}},"25":{"start":{"line":26,"column":0},"end":{"line":26,"column":17}},"26":{"start":{"line":27,"column":0},"end":{"line":27,"column":11}},"27":{"start":{"line":28,"column":0},"end":{"line":28,"column":6}},"28":{"start":{"line":29,"column":0},"end":{"line":29,"column":8}},"29":{"start":{"line":30,"column":0},"end":{"line":30,"column":13}},"30":{"start":{"line":31,"column":0},"end":{"line":31,"column":16}},"31":{"start":{"line":32,"column":0},"end":{"line":32,"column":9}},"32":{"start":{"line":33,"column":0},"end":{"line":33,"column":17}},"33":{"start":{"line":34,"column":0},"end":{"line":34,"column":14}},"34":{"start":{"line":35,"column":0},"end":{"line":35,"column":17}},"35":{"start":{"line":36,"column":0},"end":{"line":36,"column":7}},"36":{"start":{"line":37,"column":0},"end":{"line":37,"column":58}},"37":{"start":{"line":38,"column":0},"end":{"line":38,"column":42}},"38":{"start":{"line":39,"column":0},"end":{"line":39,"column":28}},"39":{"start":{"line":40,"column":0},"end":{"line":40,"column":34}},"40":{"start":{"line":41,"column":0},"end":{"line":41,"column":17}},"41":{"start":{"line":42,"column":0},"end":{"line":42,"column":88}},"42":{"start":{"line":43,"column":0},"end":{"line":43,"column":21}},"43":{"start":{"line":44,"column":0},"end":{"line":44,"column":12}},"44":{"start":{"line":45,"column":0},"end":{"line":45,"column":16}},"45":{"start":{"line":46,"column":0},"end":{"line":46,"column":23}},"46":{"start":{"line":47,"column":0},"end":{"line":47,"column":40}},"47":{"start":{"line":48,"column":0},"end":{"line":48,"column":67}},"48":{"start":{"line":49,"column":0},"end":{"line":49,"column":232}},"49":{"start":{"line":50,"column":0},"end":{"line":50,"column":31}},"50":{"start":{"line":51,"column":0},"end":{"line":51,"column":60}},"51":{"start":{"line":52,"column":0},"end":{"line":52,"column":12}},"52":{"start":{"line":53,"column":0},"end":{"line":53,"column":14}},"53":{"start":{"line":54,"column":0},"end":{"line":54,"column":12}},"55":{"start":{"line":56,"column":0},"end":{"line":56,"column":95}},"56":{"start":{"line":57,"column":0},"end":{"line":57,"column":78}},"57":{"start":{"line":58,"column":0},"end":{"line":58,"column":46}},"58":{"start":{"line":59,"column":0},"end":{"line":59,"column":19}},"59":{"start":{"line":60,"column":0},"end":{"line":60,"column":30}},"60":{"start":{"line":61,"column":0},"end":{"line":61,"column":48}},"61":{"start":{"line":62,"column":0},"end":{"line":62,"column":56}},"62":{"start":{"line":63,"column":0},"end":{"line":63,"column":56}},"63":{"start":{"line":64,"column":0},"end":{"line":64,"column":277}},"65":{"start":{"line":66,"column":0},"end":{"line":66,"column":125}},"66":{"start":{"line":67,"column":0},"end":{"line":67,"column":63}},"67":{"start":{"line":68,"column":0},"end":{"line":68,"column":20}},"68":{"start":{"line":69,"column":0},"end":{"line":69,"column":81}},"69":{"start":{"line":70,"column":0},"end":{"line":70,"column":30}},"70":{"start":{"line":71,"column":0},"end":{"line":71,"column":20}},"71":{"start":{"line":72,"column":0},"end":{"line":72,"column":58}},"72":{"start":{"line":73,"column":0},"end":{"line":73,"column":34}},"73":{"start":{"line":74,"column":0},"end":{"line":74,"column":20}},"74":{"start":{"line":75,"column":0},"end":{"line":75,"column":63}},"75":{"start":{"line":76,"column":0},"end":{"line":76,"column":43}},"76":{"start":{"line":77,"column":0},"end":{"line":77,"column":20}},"77":{"start":{"line":78,"column":0},"end":{"line":78,"column":76}},"78":{"start":{"line":79,"column":0},"end":{"line":79,"column":21}},"79":{"start":{"line":80,"column":0},"end":{"line":80,"column":13}},"80":{"start":{"line":81,"column":0},"end":{"line":81,"column":14}},"81":{"start":{"line":82,"column":0},"end":{"line":82,"column":12}},"82":{"start":{"line":83,"column":0},"end":{"line":83,"column":10}},"84":{"start":{"line":85,"column":0},"end":{"line":85,"column":95}},"85":{"start":{"line":86,"column":0},"end":{"line":86,"column":65}},"86":{"start":{"line":87,"column":0},"end":{"line":87,"column":80}},"87":{"start":{"line":88,"column":0},"end":{"line":88,"column":36}},"89":{"start":{"line":90,"column":0},"end":{"line":90,"column":13}},"90":{"start":{"line":91,"column":0},"end":{"line":91,"column":12}},"92":{"start":{"line":93,"column":0},"end":{"line":93,"column":50}},"93":{"start":{"line":94,"column":0},"end":{"line":94,"column":30}},"94":{"start":{"line":95,"column":0},"end":{"line":95,"column":90}},"95":{"start":{"line":96,"column":0},"end":{"line":96,"column":38}},"96":{"start":{"line":97,"column":0},"end":{"line":97,"column":49}},"97":{"start":{"line":98,"column":0},"end":{"line":98,"column":16}},"99":{"start":{"line":100,"column":0},"end":{"line":100,"column":37}},"100":{"start":{"line":101,"column":0},"end":{"line":101,"column":33}},"101":{"start":{"line":102,"column":0},"end":{"line":102,"column":18}},"102":{"start":{"line":103,"column":0},"end":{"line":103,"column":29}},"103":{"start":{"line":104,"column":0},"end":{"line":104,"column":52}},"104":{"start":{"line":105,"column":0},"end":{"line":105,"column":67}},"106":{"start":{"line":107,"column":0},"end":{"line":107,"column":71}},"107":{"start":{"line":108,"column":0},"end":{"line":108,"column":42}},"108":{"start":{"line":109,"column":0},"end":{"line":109,"column":65}},"109":{"start":{"line":110,"column":0},"end":{"line":110,"column":33}},"110":{"start":{"line":111,"column":0},"end":{"line":111,"column":26}},"111":{"start":{"line":112,"column":0},"end":{"line":112,"column":59}},"112":{"start":{"line":113,"column":0},"end":{"line":113,"column":51}},"113":{"start":{"line":114,"column":0},"end":{"line":114,"column":26}},"114":{"start":{"line":115,"column":0},"end":{"line":115,"column":24}},"115":{"start":{"line":116,"column":0},"end":{"line":116,"column":29}},"116":{"start":{"line":117,"column":0},"end":{"line":117,"column":49}},"117":{"start":{"line":118,"column":0},"end":{"line":118,"column":59}},"118":{"start":{"line":119,"column":0},"end":{"line":119,"column":63}},"120":{"start":{"line":121,"column":0},"end":{"line":121,"column":40}},"121":{"start":{"line":122,"column":0},"end":{"line":122,"column":31}},"122":{"start":{"line":123,"column":0},"end":{"line":123,"column":22}},"124":{"start":{"line":125,"column":0},"end":{"line":125,"column":67}},"125":{"start":{"line":126,"column":0},"end":{"line":126,"column":59}},"126":{"start":{"line":127,"column":0},"end":{"line":127,"column":31}},"127":{"start":{"line":128,"column":0},"end":{"line":128,"column":66}},"128":{"start":{"line":129,"column":0},"end":{"line":129,"column":65}},"129":{"start":{"line":130,"column":0},"end":{"line":130,"column":71}},"131":{"start":{"line":132,"column":0},"end":{"line":132,"column":41}},"132":{"start":{"line":133,"column":0},"end":{"line":133,"column":33}},"133":{"start":{"line":134,"column":0},"end":{"line":134,"column":69}},"134":{"start":{"line":135,"column":0},"end":{"line":135,"column":37}},"135":{"start":{"line":136,"column":0},"end":{"line":136,"column":27}},"136":{"start":{"line":137,"column":0},"end":{"line":137,"column":31}},"137":{"start":{"line":138,"column":0},"end":{"line":138,"column":66}},"138":{"start":{"line":139,"column":0},"end":{"line":139,"column":64}},"139":{"start":{"line":140,"column":0},"end":{"line":140,"column":71}},"141":{"start":{"line":142,"column":0},"end":{"line":142,"column":40}},"142":{"start":{"line":143,"column":0},"end":{"line":143,"column":33}},"143":{"start":{"line":144,"column":0},"end":{"line":144,"column":24}},"144":{"start":{"line":145,"column":0},"end":{"line":145,"column":59}},"145":{"start":{"line":146,"column":0},"end":{"line":146,"column":62}},"146":{"start":{"line":147,"column":0},"end":{"line":147,"column":24}},"147":{"start":{"line":148,"column":0},"end":{"line":148,"column":22}},"148":{"start":{"line":149,"column":0},"end":{"line":149,"column":20}},"149":{"start":{"line":150,"column":0},"end":{"line":150,"column":15}},"150":{"start":{"line":151,"column":0},"end":{"line":151,"column":16}},"152":{"start":{"line":153,"column":0},"end":{"line":153,"column":12}},"154":{"start":{"line":155,"column":0},"end":{"line":155,"column":27}},"155":{"start":{"line":156,"column":0},"end":{"line":156,"column":66}},"156":{"start":{"line":157,"column":0},"end":{"line":157,"column":37}},"157":{"start":{"line":158,"column":0},"end":{"line":158,"column":64}},"158":{"start":{"line":159,"column":0},"end":{"line":159,"column":36}},"159":{"start":{"line":160,"column":0},"end":{"line":160,"column":49}},"160":{"start":{"line":161,"column":0},"end":{"line":161,"column":18}},"161":{"start":{"line":162,"column":0},"end":{"line":162,"column":64}},"162":{"start":{"line":163,"column":0},"end":{"line":163,"column":37}},"163":{"start":{"line":164,"column":0},"end":{"line":164,"column":44}},"164":{"start":{"line":165,"column":0},"end":{"line":165,"column":18}},"165":{"start":{"line":166,"column":0},"end":{"line":166,"column":114}},"166":{"start":{"line":167,"column":0},"end":{"line":167,"column":33}},"167":{"start":{"line":168,"column":0},"end":{"line":168,"column":46}},"168":{"start":{"line":169,"column":0},"end":{"line":169,"column":18}},"169":{"start":{"line":170,"column":0},"end":{"line":170,"column":16}},"171":{"start":{"line":172,"column":0},"end":{"line":172,"column":15}},"172":{"start":{"line":173,"column":0},"end":{"line":173,"column":18}},"173":{"start":{"line":174,"column":0},"end":{"line":174,"column":35}},"174":{"start":{"line":175,"column":0},"end":{"line":175,"column":72}},"175":{"start":{"line":176,"column":0},"end":{"line":176,"column":13}},"177":{"start":{"line":178,"column":0},"end":{"line":178,"column":20}},"178":{"start":{"line":179,"column":0},"end":{"line":179,"column":18}},"179":{"start":{"line":180,"column":0},"end":{"line":180,"column":27}},"180":{"start":{"line":181,"column":0},"end":{"line":181,"column":30}},"181":{"start":{"line":182,"column":0},"end":{"line":182,"column":25}},"182":{"start":{"line":183,"column":0},"end":{"line":183,"column":32}},"183":{"start":{"line":184,"column":0},"end":{"line":184,"column":236}},"184":{"start":{"line":185,"column":0},"end":{"line":185,"column":32}},"185":{"start":{"line":186,"column":0},"end":{"line":186,"column":61}},"186":{"start":{"line":187,"column":0},"end":{"line":187,"column":14}},"187":{"start":{"line":188,"column":0},"end":{"line":188,"column":16}},"189":{"start":{"line":190,"column":0},"end":{"line":190,"column":61}},"190":{"start":{"line":191,"column":0},"end":{"line":191,"column":82}},"191":{"start":{"line":192,"column":0},"end":{"line":192,"column":81}},"192":{"start":{"line":193,"column":0},"end":{"line":193,"column":36}},"193":{"start":{"line":194,"column":0},"end":{"line":194,"column":69}},"194":{"start":{"line":195,"column":0},"end":{"line":195,"column":20}},"195":{"start":{"line":196,"column":0},"end":{"line":196,"column":18}},"198":{"start":{"line":199,"column":0},"end":{"line":199,"column":24}},"199":{"start":{"line":200,"column":0},"end":{"line":200,"column":36}},"200":{"start":{"line":201,"column":0},"end":{"line":201,"column":74}},"202":{"start":{"line":203,"column":0},"end":{"line":203,"column":36}},"204":{"start":{"line":205,"column":0},"end":{"line":205,"column":26}},"205":{"start":{"line":206,"column":0},"end":{"line":206,"column":14}},"207":{"start":{"line":208,"column":0},"end":{"line":208,"column":10}},"208":{"start":{"line":209,"column":0},"end":{"line":209,"column":8}},"211":{"start":{"line":212,"column":0},"end":{"line":212,"column":74}},"212":{"start":{"line":213,"column":0},"end":{"line":213,"column":24}},"213":{"start":{"line":214,"column":0},"end":{"line":214,"column":31}},"214":{"start":{"line":215,"column":0},"end":{"line":215,"column":55}},"215":{"start":{"line":216,"column":0},"end":{"line":216,"column":28}},"216":{"start":{"line":217,"column":0},"end":{"line":217,"column":48}},"217":{"start":{"line":218,"column":0},"end":{"line":218,"column":5}},"218":{"start":{"line":219,"column":0},"end":{"line":219,"column":38}},"219":{"start":{"line":220,"column":0},"end":{"line":220,"column":32}},"220":{"start":{"line":221,"column":0},"end":{"line":221,"column":5}},"222":{"start":{"line":223,"column":0},"end":{"line":223,"column":10}},"223":{"start":{"line":224,"column":0},"end":{"line":224,"column":31}},"224":{"start":{"line":225,"column":0},"end":{"line":225,"column":61}},"225":{"start":{"line":226,"column":0},"end":{"line":226,"column":17}},"226":{"start":{"line":227,"column":0},"end":{"line":227,"column":25}},"227":{"start":{"line":228,"column":0},"end":{"line":228,"column":33}},"228":{"start":{"line":229,"column":0},"end":{"line":229,"column":45}},"229":{"start":{"line":230,"column":0},"end":{"line":230,"column":31}},"230":{"start":{"line":231,"column":0},"end":{"line":231,"column":76}},"231":{"start":{"line":232,"column":0},"end":{"line":232,"column":40}},"232":{"start":{"line":233,"column":0},"end":{"line":233,"column":10}},"233":{"start":{"line":234,"column":0},"end":{"line":234,"column":17}},"234":{"start":{"line":235,"column":0},"end":{"line":235,"column":26}},"235":{"start":{"line":236,"column":0},"end":{"line":236,"column":33}},"236":{"start":{"line":237,"column":0},"end":{"line":237,"column":44}},"237":{"start":{"line":238,"column":0},"end":{"line":238,"column":35}},"238":{"start":{"line":239,"column":0},"end":{"line":239,"column":78}},"239":{"start":{"line":240,"column":0},"end":{"line":240,"column":41}},"240":{"start":{"line":241,"column":0},"end":{"line":241,"column":10}},"241":{"start":{"line":242,"column":0},"end":{"line":242,"column":17}},"242":{"start":{"line":243,"column":0},"end":{"line":243,"column":28}},"243":{"start":{"line":244,"column":0},"end":{"line":244,"column":28}},"244":{"start":{"line":245,"column":0},"end":{"line":245,"column":37}},"245":{"start":{"line":246,"column":0},"end":{"line":246,"column":36}},"246":{"start":{"line":247,"column":0},"end":{"line":247,"column":80}},"247":{"start":{"line":248,"column":0},"end":{"line":248,"column":42}},"248":{"start":{"line":249,"column":0},"end":{"line":249,"column":10}},"249":{"start":{"line":250,"column":0},"end":{"line":250,"column":12}},"251":{"start":{"line":252,"column":0},"end":{"line":252,"column":47}},"252":{"start":{"line":253,"column":0},"end":{"line":253,"column":41}},"253":{"start":{"line":254,"column":0},"end":{"line":254,"column":36}},"254":{"start":{"line":255,"column":0},"end":{"line":255,"column":69}},"255":{"start":{"line":256,"column":0},"end":{"line":256,"column":18}},"256":{"start":{"line":257,"column":0},"end":{"line":257,"column":88}},"258":{"start":{"line":259,"column":0},"end":{"line":259,"column":21}},"259":{"start":{"line":260,"column":0},"end":{"line":260,"column":88}},"261":{"start":{"line":262,"column":0},"end":{"line":262,"column":21}},"262":{"start":{"line":263,"column":0},"end":{"line":263,"column":88}},"264":{"start":{"line":265,"column":0},"end":{"line":265,"column":21}},"265":{"start":{"line":266,"column":0},"end":{"line":266,"column":88}},"267":{"start":{"line":268,"column":0},"end":{"line":268,"column":21}},"268":{"start":{"line":269,"column":0},"end":{"line":269,"column":19}},"269":{"start":{"line":270,"column":0},"end":{"line":270,"column":20}},"270":{"start":{"line":271,"column":0},"end":{"line":271,"column":19}},"271":{"start":{"line":272,"column":0},"end":{"line":272,"column":41}},"272":{"start":{"line":273,"column":0},"end":{"line":273,"column":26}},"273":{"start":{"line":274,"column":0},"end":{"line":274,"column":41}},"274":{"start":{"line":275,"column":0},"end":{"line":275,"column":21}},"275":{"start":{"line":276,"column":0},"end":{"line":276,"column":30}},"276":{"start":{"line":277,"column":0},"end":{"line":277,"column":73}},"278":{"start":{"line":279,"column":0},"end":{"line":279,"column":71}},"279":{"start":{"line":280,"column":0},"end":{"line":280,"column":78}},"280":{"start":{"line":281,"column":0},"end":{"line":281,"column":74}},"281":{"start":{"line":282,"column":0},"end":{"line":282,"column":47}},"282":{"start":{"line":283,"column":0},"end":{"line":283,"column":25}},"283":{"start":{"line":284,"column":0},"end":{"line":284,"column":60}},"284":{"start":{"line":285,"column":0},"end":{"line":285,"column":63}},"285":{"start":{"line":286,"column":0},"end":{"line":286,"column":25}},"286":{"start":{"line":287,"column":0},"end":{"line":287,"column":23}},"287":{"start":{"line":288,"column":0},"end":{"line":288,"column":19}},"288":{"start":{"line":289,"column":0},"end":{"line":289,"column":56}},"289":{"start":{"line":290,"column":0},"end":{"line":290,"column":20}},"290":{"start":{"line":291,"column":0},"end":{"line":291,"column":21}},"291":{"start":{"line":292,"column":0},"end":{"line":292,"column":31}},"292":{"start":{"line":293,"column":0},"end":{"line":293,"column":67}},"293":{"start":{"line":294,"column":0},"end":{"line":294,"column":19}},"295":{"start":{"line":296,"column":0},"end":{"line":296,"column":23}},"296":{"start":{"line":297,"column":0},"end":{"line":297,"column":21}},"298":{"start":{"line":299,"column":0},"end":{"line":299,"column":20}},"299":{"start":{"line":300,"column":0},"end":{"line":300,"column":18}},"300":{"start":{"line":301,"column":0},"end":{"line":301,"column":14}},"301":{"start":{"line":302,"column":0},"end":{"line":302,"column":20}},"303":{"start":{"line":304,"column":0},"end":{"line":304,"column":47}},"304":{"start":{"line":305,"column":0},"end":{"line":305,"column":41}},"305":{"start":{"line":306,"column":0},"end":{"line":306,"column":36}},"306":{"start":{"line":307,"column":0},"end":{"line":307,"column":69}},"307":{"start":{"line":308,"column":0},"end":{"line":308,"column":18}},"308":{"start":{"line":309,"column":0},"end":{"line":309,"column":88}},"310":{"start":{"line":311,"column":0},"end":{"line":311,"column":21}},"311":{"start":{"line":312,"column":0},"end":{"line":312,"column":88}},"313":{"start":{"line":314,"column":0},"end":{"line":314,"column":21}},"314":{"start":{"line":315,"column":0},"end":{"line":315,"column":88}},"316":{"start":{"line":317,"column":0},"end":{"line":317,"column":21}},"317":{"start":{"line":318,"column":0},"end":{"line":318,"column":88}},"319":{"start":{"line":320,"column":0},"end":{"line":320,"column":21}},"320":{"start":{"line":321,"column":0},"end":{"line":321,"column":88}},"322":{"start":{"line":323,"column":0},"end":{"line":323,"column":21}},"323":{"start":{"line":324,"column":0},"end":{"line":324,"column":88}},"325":{"start":{"line":326,"column":0},"end":{"line":326,"column":21}},"326":{"start":{"line":327,"column":0},"end":{"line":327,"column":19}},"327":{"start":{"line":328,"column":0},"end":{"line":328,"column":20}},"328":{"start":{"line":329,"column":0},"end":{"line":329,"column":19}},"329":{"start":{"line":330,"column":0},"end":{"line":330,"column":55}},"330":{"start":{"line":331,"column":0},"end":{"line":331,"column":19}},"331":{"start":{"line":332,"column":0},"end":{"line":332,"column":30}},"332":{"start":{"line":333,"column":0},"end":{"line":333,"column":71}},"334":{"start":{"line":335,"column":0},"end":{"line":335,"column":76}},"335":{"start":{"line":336,"column":0},"end":{"line":336,"column":28}},"336":{"start":{"line":337,"column":0},"end":{"line":337,"column":23}},"337":{"start":{"line":338,"column":0},"end":{"line":338,"column":66}},"338":{"start":{"line":339,"column":0},"end":{"line":339,"column":57}},"339":{"start":{"line":340,"column":0},"end":{"line":340,"column":23}},"340":{"start":{"line":341,"column":0},"end":{"line":341,"column":58}},"341":{"start":{"line":342,"column":0},"end":{"line":342,"column":46}},"342":{"start":{"line":343,"column":0},"end":{"line":343,"column":23}},"343":{"start":{"line":344,"column":0},"end":{"line":344,"column":72}},"344":{"start":{"line":345,"column":0},"end":{"line":345,"column":43}},"345":{"start":{"line":346,"column":0},"end":{"line":346,"column":23}},"346":{"start":{"line":347,"column":0},"end":{"line":347,"column":58}},"347":{"start":{"line":348,"column":0},"end":{"line":348,"column":48}},"348":{"start":{"line":349,"column":0},"end":{"line":349,"column":23}},"349":{"start":{"line":350,"column":0},"end":{"line":350,"column":59}},"350":{"start":{"line":351,"column":0},"end":{"line":351,"column":44}},"351":{"start":{"line":352,"column":0},"end":{"line":352,"column":23}},"352":{"start":{"line":353,"column":0},"end":{"line":353,"column":21}},"353":{"start":{"line":354,"column":0},"end":{"line":354,"column":17}},"354":{"start":{"line":355,"column":0},"end":{"line":355,"column":45}},"355":{"start":{"line":356,"column":0},"end":{"line":356,"column":20}},"356":{"start":{"line":357,"column":0},"end":{"line":357,"column":21}},"357":{"start":{"line":358,"column":0},"end":{"line":358,"column":31}},"358":{"start":{"line":359,"column":0},"end":{"line":359,"column":67}},"359":{"start":{"line":360,"column":0},"end":{"line":360,"column":19}},"361":{"start":{"line":362,"column":0},"end":{"line":362,"column":23}},"362":{"start":{"line":363,"column":0},"end":{"line":363,"column":21}},"364":{"start":{"line":365,"column":0},"end":{"line":365,"column":20}},"365":{"start":{"line":366,"column":0},"end":{"line":366,"column":18}},"366":{"start":{"line":367,"column":0},"end":{"line":367,"column":14}},"367":{"start":{"line":368,"column":0},"end":{"line":368,"column":20}},"368":{"start":{"line":369,"column":0},"end":{"line":369,"column":10}},"370":{"start":{"line":371,"column":0},"end":{"line":371,"column":2}},"372":{"start":{"line":373,"column":0},"end":{"line":373,"column":32}},"373":{"start":{"line":374,"column":0},"end":{"line":374,"column":13}},"374":{"start":{"line":375,"column":0},"end":{"line":375,"column":16}},"375":{"start":{"line":376,"column":0},"end":{"line":376,"column":16}},"376":{"start":{"line":377,"column":0},"end":{"line":377,"column":11}},"377":{"start":{"line":378,"column":0},"end":{"line":378,"column":7}},"378":{"start":{"line":379,"column":0},"end":{"line":379,"column":29}},"379":{"start":{"line":380,"column":0},"end":{"line":380,"column":70}},"380":{"start":{"line":381,"column":0},"end":{"line":381,"column":83}},"381":{"start":{"line":382,"column":0},"end":{"line":382,"column":26}},"383":{"start":{"line":384,"column":0},"end":{"line":384,"column":11}},"384":{"start":{"line":385,"column":0},"end":{"line":385,"column":61}},"385":{"start":{"line":386,"column":0},"end":{"line":386,"column":13}},"386":{"start":{"line":387,"column":0},"end":{"line":387,"column":16}},"387":{"start":{"line":388,"column":0},"end":{"line":388,"column":34}},"388":{"start":{"line":389,"column":0},"end":{"line":389,"column":70}},"389":{"start":{"line":390,"column":0},"end":{"line":390,"column":11}},"391":{"start":{"line":392,"column":0},"end":{"line":392,"column":18}},"392":{"start":{"line":393,"column":0},"end":{"line":393,"column":16}},"393":{"start":{"line":394,"column":0},"end":{"line":394,"column":23}},"394":{"start":{"line":395,"column":0},"end":{"line":395,"column":29}},"395":{"start":{"line":396,"column":0},"end":{"line":396,"column":226}},"396":{"start":{"line":397,"column":0},"end":{"line":397,"column":35}},"397":{"start":{"line":398,"column":0},"end":{"line":398,"column":28}},"398":{"start":{"line":399,"column":0},"end":{"line":399,"column":68}},"400":{"start":{"line":401,"column":0},"end":{"line":401,"column":44}},"401":{"start":{"line":402,"column":0},"end":{"line":402,"column":12}},"402":{"start":{"line":403,"column":0},"end":{"line":403,"column":14}},"403":{"start":{"line":404,"column":0},"end":{"line":404,"column":13}},"404":{"start":{"line":405,"column":0},"end":{"line":405,"column":16}},"405":{"start":{"line":406,"column":0},"end":{"line":406,"column":35}},"406":{"start":{"line":407,"column":0},"end":{"line":407,"column":70}},"407":{"start":{"line":408,"column":0},"end":{"line":408,"column":11}},"409":{"start":{"line":410,"column":0},"end":{"line":410,"column":18}},"410":{"start":{"line":411,"column":0},"end":{"line":411,"column":16}},"411":{"start":{"line":412,"column":0},"end":{"line":412,"column":25}},"412":{"start":{"line":413,"column":0},"end":{"line":413,"column":23}},"413":{"start":{"line":414,"column":0},"end":{"line":414,"column":30}},"414":{"start":{"line":415,"column":0},"end":{"line":415,"column":226}},"415":{"start":{"line":416,"column":0},"end":{"line":416,"column":36}},"416":{"start":{"line":417,"column":0},"end":{"line":417,"column":28}},"417":{"start":{"line":418,"column":0},"end":{"line":418,"column":69}},"419":{"start":{"line":420,"column":0},"end":{"line":420,"column":30}},"420":{"start":{"line":421,"column":0},"end":{"line":421,"column":12}},"421":{"start":{"line":422,"column":0},"end":{"line":422,"column":14}},"422":{"start":{"line":423,"column":0},"end":{"line":423,"column":13}},"423":{"start":{"line":424,"column":0},"end":{"line":424,"column":16}},"424":{"start":{"line":425,"column":0},"end":{"line":425,"column":37}},"425":{"start":{"line":426,"column":0},"end":{"line":426,"column":70}},"426":{"start":{"line":427,"column":0},"end":{"line":427,"column":11}},"428":{"start":{"line":429,"column":0},"end":{"line":429,"column":18}},"429":{"start":{"line":430,"column":0},"end":{"line":430,"column":16}},"430":{"start":{"line":431,"column":0},"end":{"line":431,"column":23}},"431":{"start":{"line":432,"column":0},"end":{"line":432,"column":32}},"432":{"start":{"line":433,"column":0},"end":{"line":433,"column":226}},"433":{"start":{"line":434,"column":0},"end":{"line":434,"column":38}},"434":{"start":{"line":435,"column":0},"end":{"line":435,"column":28}},"435":{"start":{"line":436,"column":0},"end":{"line":436,"column":71}},"437":{"start":{"line":438,"column":0},"end":{"line":438,"column":39}},"438":{"start":{"line":439,"column":0},"end":{"line":439,"column":12}},"439":{"start":{"line":440,"column":0},"end":{"line":440,"column":14}},"440":{"start":{"line":441,"column":0},"end":{"line":441,"column":13}},"441":{"start":{"line":442,"column":0},"end":{"line":442,"column":16}},"442":{"start":{"line":443,"column":0},"end":{"line":443,"column":38}},"443":{"start":{"line":444,"column":0},"end":{"line":444,"column":70}},"444":{"start":{"line":445,"column":0},"end":{"line":445,"column":11}},"446":{"start":{"line":447,"column":0},"end":{"line":447,"column":18}},"447":{"start":{"line":448,"column":0},"end":{"line":448,"column":16}},"448":{"start":{"line":449,"column":0},"end":{"line":449,"column":23}},"449":{"start":{"line":450,"column":0},"end":{"line":450,"column":33}},"450":{"start":{"line":451,"column":0},"end":{"line":451,"column":226}},"451":{"start":{"line":452,"column":0},"end":{"line":452,"column":39}},"452":{"start":{"line":453,"column":0},"end":{"line":453,"column":28}},"453":{"start":{"line":454,"column":0},"end":{"line":454,"column":72}},"455":{"start":{"line":456,"column":0},"end":{"line":456,"column":40}},"456":{"start":{"line":457,"column":0},"end":{"line":457,"column":12}},"457":{"start":{"line":458,"column":0},"end":{"line":458,"column":14}},"458":{"start":{"line":459,"column":0},"end":{"line":459,"column":12}},"459":{"start":{"line":460,"column":0},"end":{"line":460,"column":20}},"460":{"start":{"line":461,"column":0},"end":{"line":461,"column":31}},"461":{"start":{"line":462,"column":0},"end":{"line":462,"column":58}},"463":{"start":{"line":464,"column":0},"end":{"line":464,"column":26}},"465":{"start":{"line":466,"column":0},"end":{"line":466,"column":22}},"466":{"start":{"line":467,"column":0},"end":{"line":467,"column":10}},"468":{"start":{"line":469,"column":0},"end":{"line":469,"column":43}},"469":{"start":{"line":470,"column":0},"end":{"line":470,"column":39}},"470":{"start":{"line":471,"column":0},"end":{"line":471,"column":34}},"471":{"start":{"line":472,"column":0},"end":{"line":472,"column":67}},"472":{"start":{"line":473,"column":0},"end":{"line":473,"column":16}},"473":{"start":{"line":474,"column":0},"end":{"line":474,"column":86}},"475":{"start":{"line":476,"column":0},"end":{"line":476,"column":19}},"476":{"start":{"line":477,"column":0},"end":{"line":477,"column":86}},"478":{"start":{"line":479,"column":0},"end":{"line":479,"column":19}},"479":{"start":{"line":480,"column":0},"end":{"line":480,"column":86}},"481":{"start":{"line":482,"column":0},"end":{"line":482,"column":19}},"482":{"start":{"line":483,"column":0},"end":{"line":483,"column":86}},"484":{"start":{"line":485,"column":0},"end":{"line":485,"column":19}},"485":{"start":{"line":486,"column":0},"end":{"line":486,"column":86}},"487":{"start":{"line":488,"column":0},"end":{"line":488,"column":19}},"488":{"start":{"line":489,"column":0},"end":{"line":489,"column":17}},"489":{"start":{"line":490,"column":0},"end":{"line":490,"column":18}},"490":{"start":{"line":491,"column":0},"end":{"line":491,"column":17}},"491":{"start":{"line":492,"column":0},"end":{"line":492,"column":40}},"492":{"start":{"line":493,"column":0},"end":{"line":493,"column":17}},"493":{"start":{"line":494,"column":0},"end":{"line":494,"column":32}},"494":{"start":{"line":495,"column":0},"end":{"line":495,"column":69}},"496":{"start":{"line":497,"column":0},"end":{"line":497,"column":74}},"497":{"start":{"line":498,"column":0},"end":{"line":498,"column":30}},"498":{"start":{"line":499,"column":0},"end":{"line":499,"column":21}},"499":{"start":{"line":500,"column":0},"end":{"line":500,"column":70}},"500":{"start":{"line":501,"column":0},"end":{"line":501,"column":32}},"501":{"start":{"line":502,"column":0},"end":{"line":502,"column":21}},"502":{"start":{"line":503,"column":0},"end":{"line":503,"column":79}},"503":{"start":{"line":504,"column":0},"end":{"line":504,"column":74}},"504":{"start":{"line":505,"column":0},"end":{"line":505,"column":35}},"505":{"start":{"line":506,"column":0},"end":{"line":506,"column":21}},"506":{"start":{"line":507,"column":0},"end":{"line":507,"column":70}},"507":{"start":{"line":508,"column":0},"end":{"line":508,"column":45}},"508":{"start":{"line":509,"column":0},"end":{"line":509,"column":21}},"509":{"start":{"line":510,"column":0},"end":{"line":510,"column":19}},"510":{"start":{"line":511,"column":0},"end":{"line":511,"column":15}},"511":{"start":{"line":512,"column":0},"end":{"line":512,"column":18}},"512":{"start":{"line":513,"column":0},"end":{"line":513,"column":16}},"513":{"start":{"line":514,"column":0},"end":{"line":514,"column":12}},"514":{"start":{"line":515,"column":0},"end":{"line":515,"column":18}},"515":{"start":{"line":516,"column":0},"end":{"line":516,"column":8}},"518":{"start":{"line":519,"column":0},"end":{"line":519,"column":75}},"519":{"start":{"line":520,"column":0},"end":{"line":520,"column":51}},"521":{"start":{"line":522,"column":0},"end":{"line":522,"column":10}},"522":{"start":{"line":523,"column":0},"end":{"line":523,"column":100}},"523":{"start":{"line":524,"column":0},"end":{"line":524,"column":10}},"524":{"start":{"line":525,"column":0},"end":{"line":525,"column":21}},"525":{"start":{"line":526,"column":0},"end":{"line":526,"column":25}},"526":{"start":{"line":527,"column":0},"end":{"line":527,"column":39}},"527":{"start":{"line":528,"column":0},"end":{"line":528,"column":39}},"528":{"start":{"line":529,"column":0},"end":{"line":529,"column":95}},"530":{"start":{"line":531,"column":0},"end":{"line":531,"column":47}},"531":{"start":{"line":532,"column":0},"end":{"line":532,"column":90}},"532":{"start":{"line":533,"column":0},"end":{"line":533,"column":71}},"534":{"start":{"line":535,"column":0},"end":{"line":535,"column":17}},"535":{"start":{"line":536,"column":0},"end":{"line":536,"column":61}},"536":{"start":{"line":537,"column":0},"end":{"line":537,"column":72}},"537":{"start":{"line":538,"column":0},"end":{"line":538,"column":62}},"538":{"start":{"line":539,"column":0},"end":{"line":539,"column":16}},"539":{"start":{"line":540,"column":0},"end":{"line":540,"column":49}},"540":{"start":{"line":541,"column":0},"end":{"line":541,"column":46}},"541":{"start":{"line":542,"column":0},"end":{"line":542,"column":16}},"542":{"start":{"line":543,"column":0},"end":{"line":543,"column":16}},"544":{"start":{"line":545,"column":0},"end":{"line":545,"column":42}},"545":{"start":{"line":546,"column":0},"end":{"line":546,"column":54}},"546":{"start":{"line":547,"column":0},"end":{"line":547,"column":62}},"547":{"start":{"line":548,"column":0},"end":{"line":548,"column":40}},"548":{"start":{"line":549,"column":0},"end":{"line":549,"column":66}},"549":{"start":{"line":550,"column":0},"end":{"line":550,"column":57}},"550":{"start":{"line":551,"column":0},"end":{"line":551,"column":62}},"551":{"start":{"line":552,"column":0},"end":{"line":552,"column":24}},"552":{"start":{"line":553,"column":0},"end":{"line":553,"column":22}},"553":{"start":{"line":554,"column":0},"end":{"line":554,"column":47}},"554":{"start":{"line":555,"column":0},"end":{"line":555,"column":60}},"555":{"start":{"line":556,"column":0},"end":{"line":556,"column":22}},"556":{"start":{"line":557,"column":0},"end":{"line":557,"column":20}},"557":{"start":{"line":558,"column":0},"end":{"line":558,"column":15}},"558":{"start":{"line":559,"column":0},"end":{"line":559,"column":16}},"560":{"start":{"line":561,"column":0},"end":{"line":561,"column":83}},"561":{"start":{"line":562,"column":0},"end":{"line":562,"column":50}},"562":{"start":{"line":563,"column":0},"end":{"line":563,"column":36}},"563":{"start":{"line":564,"column":0},"end":{"line":564,"column":64}},"564":{"start":{"line":565,"column":0},"end":{"line":565,"column":18}},"565":{"start":{"line":566,"column":0},"end":{"line":566,"column":50}},"566":{"start":{"line":567,"column":0},"end":{"line":567,"column":37}},"567":{"start":{"line":568,"column":0},"end":{"line":568,"column":59}},"568":{"start":{"line":569,"column":0},"end":{"line":569,"column":18}},"569":{"start":{"line":570,"column":0},"end":{"line":570,"column":100}},"570":{"start":{"line":571,"column":0},"end":{"line":571,"column":33}},"571":{"start":{"line":572,"column":0},"end":{"line":572,"column":61}},"572":{"start":{"line":573,"column":0},"end":{"line":573,"column":18}},"573":{"start":{"line":574,"column":0},"end":{"line":574,"column":58}},"574":{"start":{"line":575,"column":0},"end":{"line":575,"column":39}},"575":{"start":{"line":576,"column":0},"end":{"line":576,"column":66}},"576":{"start":{"line":577,"column":0},"end":{"line":577,"column":18}},"577":{"start":{"line":578,"column":0},"end":{"line":578,"column":83}},"578":{"start":{"line":579,"column":0},"end":{"line":579,"column":34}},"579":{"start":{"line":580,"column":0},"end":{"line":580,"column":62}},"580":{"start":{"line":581,"column":0},"end":{"line":581,"column":18}},"581":{"start":{"line":582,"column":0},"end":{"line":582,"column":16}},"583":{"start":{"line":584,"column":0},"end":{"line":584,"column":112}},"584":{"start":{"line":585,"column":0},"end":{"line":585,"column":42}},"585":{"start":{"line":586,"column":0},"end":{"line":586,"column":72}},"586":{"start":{"line":587,"column":0},"end":{"line":587,"column":16}},"587":{"start":{"line":588,"column":0},"end":{"line":588,"column":14}},"589":{"start":{"line":590,"column":0},"end":{"line":590,"column":67}},"590":{"start":{"line":591,"column":0},"end":{"line":591,"column":24}},"591":{"start":{"line":592,"column":0},"end":{"line":592,"column":49}},"592":{"start":{"line":593,"column":0},"end":{"line":593,"column":35}},"593":{"start":{"line":594,"column":0},"end":{"line":594,"column":11}},"595":{"start":{"line":596,"column":0},"end":{"line":596,"column":26}},"596":{"start":{"line":597,"column":0},"end":{"line":597,"column":14}},"597":{"start":{"line":598,"column":0},"end":{"line":598,"column":12}},"598":{"start":{"line":599,"column":0},"end":{"line":599,"column":10}},"600":{"start":{"line":601,"column":0},"end":{"line":601,"column":2}},"602":{"start":{"line":603,"column":0},"end":{"line":603,"column":16}},"603":{"start":{"line":604,"column":0},"end":{"line":604,"column":54}},"604":{"start":{"line":605,"column":0},"end":{"line":605,"column":44}},"605":{"start":{"line":606,"column":0},"end":{"line":606,"column":5}},"606":{"start":{"line":607,"column":0},"end":{"line":607,"column":17}},"607":{"start":{"line":608,"column":0},"end":{"line":608,"column":26}},"608":{"start":{"line":609,"column":0},"end":{"line":609,"column":18}},"609":{"start":{"line":610,"column":0},"end":{"line":610,"column":31}},"610":{"start":{"line":611,"column":0},"end":{"line":611,"column":25}},"611":{"start":{"line":612,"column":0},"end":{"line":612,"column":6}},"612":{"start":{"line":613,"column":0},"end":{"line":613,"column":5}},"613":{"start":{"line":614,"column":0},"end":{"line":614,"column":17}},"614":{"start":{"line":615,"column":0},"end":{"line":615,"column":29}},"615":{"start":{"line":616,"column":0},"end":{"line":616,"column":18}},"616":{"start":{"line":617,"column":0},"end":{"line":617,"column":31}},"617":{"start":{"line":618,"column":0},"end":{"line":618,"column":28}},"618":{"start":{"line":619,"column":0},"end":{"line":619,"column":6}},"619":{"start":{"line":620,"column":0},"end":{"line":620,"column":5}},"620":{"start":{"line":621,"column":0},"end":{"line":621,"column":17}},"621":{"start":{"line":622,"column":0},"end":{"line":622,"column":27}},"622":{"start":{"line":623,"column":0},"end":{"line":623,"column":19}},"623":{"start":{"line":624,"column":0},"end":{"line":624,"column":31}},"624":{"start":{"line":625,"column":0},"end":{"line":625,"column":26}},"625":{"start":{"line":626,"column":0},"end":{"line":626,"column":6}},"626":{"start":{"line":627,"column":0},"end":{"line":627,"column":5}},"627":{"start":{"line":628,"column":0},"end":{"line":628,"column":17}},"628":{"start":{"line":629,"column":0},"end":{"line":629,"column":37}},"629":{"start":{"line":630,"column":0},"end":{"line":630,"column":18}},"630":{"start":{"line":631,"column":0},"end":{"line":631,"column":31}},"631":{"start":{"line":632,"column":0},"end":{"line":632,"column":34}},"632":{"start":{"line":633,"column":0},"end":{"line":633,"column":6}},"633":{"start":{"line":634,"column":0},"end":{"line":634,"column":5}},"634":{"start":{"line":635,"column":0},"end":{"line":635,"column":17}},"635":{"start":{"line":636,"column":0},"end":{"line":636,"column":37}},"636":{"start":{"line":637,"column":0},"end":{"line":637,"column":18}},"637":{"start":{"line":638,"column":0},"end":{"line":638,"column":31}},"638":{"start":{"line":639,"column":0},"end":{"line":639,"column":28}},"639":{"start":{"line":640,"column":0},"end":{"line":640,"column":6}},"640":{"start":{"line":641,"column":0},"end":{"line":641,"column":5}},"641":{"start":{"line":642,"column":0},"end":{"line":642,"column":17}},"642":{"start":{"line":643,"column":0},"end":{"line":643,"column":29}},"643":{"start":{"line":644,"column":0},"end":{"line":644,"column":18}},"644":{"start":{"line":645,"column":0},"end":{"line":645,"column":31}},"645":{"start":{"line":646,"column":0},"end":{"line":646,"column":32}},"646":{"start":{"line":647,"column":0},"end":{"line":647,"column":6}},"647":{"start":{"line":648,"column":0},"end":{"line":648,"column":5}},"648":{"start":{"line":649,"column":0},"end":{"line":649,"column":17}},"649":{"start":{"line":650,"column":0},"end":{"line":650,"column":37}},"650":{"start":{"line":651,"column":0},"end":{"line":651,"column":18}},"651":{"start":{"line":652,"column":0},"end":{"line":652,"column":31}},"652":{"start":{"line":653,"column":0},"end":{"line":653,"column":24}},"653":{"start":{"line":654,"column":0},"end":{"line":654,"column":6}},"654":{"start":{"line":655,"column":0},"end":{"line":655,"column":5}},"655":{"start":{"line":656,"column":0},"end":{"line":656,"column":17}},"656":{"start":{"line":657,"column":0},"end":{"line":657,"column":27}},"657":{"start":{"line":658,"column":0},"end":{"line":658,"column":18}},"658":{"start":{"line":659,"column":0},"end":{"line":659,"column":31}},"659":{"start":{"line":660,"column":0},"end":{"line":660,"column":31}},"660":{"start":{"line":661,"column":0},"end":{"line":661,"column":6}},"661":{"start":{"line":662,"column":0},"end":{"line":662,"column":5}},"662":{"start":{"line":663,"column":0},"end":{"line":663,"column":17}},"663":{"start":{"line":664,"column":0},"end":{"line":664,"column":29}},"664":{"start":{"line":665,"column":0},"end":{"line":665,"column":18}},"665":{"start":{"line":666,"column":0},"end":{"line":666,"column":31}},"666":{"start":{"line":667,"column":0},"end":{"line":667,"column":25}},"667":{"start":{"line":668,"column":0},"end":{"line":668,"column":6}},"668":{"start":{"line":669,"column":0},"end":{"line":669,"column":5}},"669":{"start":{"line":670,"column":0},"end":{"line":670,"column":17}},"670":{"start":{"line":671,"column":0},"end":{"line":671,"column":33}},"671":{"start":{"line":672,"column":0},"end":{"line":672,"column":18}},"672":{"start":{"line":673,"column":0},"end":{"line":673,"column":31}},"673":{"start":{"line":674,"column":0},"end":{"line":674,"column":32}},"674":{"start":{"line":675,"column":0},"end":{"line":675,"column":6}},"675":{"start":{"line":676,"column":0},"end":{"line":676,"column":5}},"677":{"start":{"line":678,"column":0},"end":{"line":678,"column":39}},"678":{"start":{"line":679,"column":0},"end":{"line":679,"column":53}},"679":{"start":{"line":680,"column":0},"end":{"line":680,"column":51}},"680":{"start":{"line":681,"column":0},"end":{"line":681,"column":55}},"681":{"start":{"line":682,"column":0},"end":{"line":682,"column":56}},"682":{"start":{"line":683,"column":0},"end":{"line":683,"column":61}},"683":{"start":{"line":684,"column":0},"end":{"line":684,"column":52}},"685":{"start":{"line":686,"column":0},"end":{"line":686,"column":48}},"686":{"start":{"line":687,"column":0},"end":{"line":687,"column":13}},"687":{"start":{"line":688,"column":0},"end":{"line":688,"column":14}},"688":{"start":{"line":689,"column":0},"end":{"line":689,"column":16}},"689":{"start":{"line":690,"column":0},"end":{"line":690,"column":17}},"690":{"start":{"line":691,"column":0},"end":{"line":691,"column":5}},"692":{"start":{"line":693,"column":0},"end":{"line":693,"column":19}},"693":{"start":{"line":694,"column":0},"end":{"line":694,"column":56}},"694":{"start":{"line":695,"column":0},"end":{"line":695,"column":17}},"695":{"start":{"line":696,"column":0},"end":{"line":696,"column":51}},"696":{"start":{"line":697,"column":0},"end":{"line":697,"column":41}},"697":{"start":{"line":698,"column":0},"end":{"line":698,"column":9}},"699":{"start":{"line":700,"column":0},"end":{"line":700,"column":31}},"700":{"start":{"line":701,"column":0},"end":{"line":701,"column":52}},"701":{"start":{"line":702,"column":0},"end":{"line":702,"column":6}},"702":{"start":{"line":703,"column":0},"end":{"line":703,"column":4}},"703":{"start":{"line":704,"column":0},"end":{"line":704,"column":30}},"704":{"start":{"line":705,"column":0},"end":{"line":705,"column":31}},"705":{"start":{"line":706,"column":0},"end":{"line":706,"column":65}},"707":{"start":{"line":708,"column":0},"end":{"line":708,"column":34}},"708":{"start":{"line":709,"column":0},"end":{"line":709,"column":69}},"709":{"start":{"line":710,"column":0},"end":{"line":710,"column":23}},"710":{"start":{"line":711,"column":0},"end":{"line":711,"column":14}},"711":{"start":{"line":712,"column":0},"end":{"line":712,"column":26}},"712":{"start":{"line":713,"column":0},"end":{"line":713,"column":32}},"713":{"start":{"line":714,"column":0},"end":{"line":714,"column":54}},"714":{"start":{"line":715,"column":0},"end":{"line":715,"column":19}},"715":{"start":{"line":716,"column":0},"end":{"line":716,"column":10}},"716":{"start":{"line":717,"column":0},"end":{"line":717,"column":8}},"717":{"start":{"line":718,"column":0},"end":{"line":718,"column":12}},"718":{"start":{"line":719,"column":0},"end":{"line":719,"column":54}},"719":{"start":{"line":720,"column":0},"end":{"line":720,"column":5}},"720":{"start":{"line":721,"column":0},"end":{"line":721,"column":4}},"722":{"start":{"line":723,"column":0},"end":{"line":723,"column":41}},"723":{"start":{"line":724,"column":0},"end":{"line":724,"column":12}},"724":{"start":{"line":725,"column":0},"end":{"line":725,"column":10}},"725":{"start":{"line":726,"column":0},"end":{"line":726,"column":22}},"726":{"start":{"line":727,"column":0},"end":{"line":727,"column":24}},"727":{"start":{"line":728,"column":0},"end":{"line":728,"column":71}},"728":{"start":{"line":729,"column":0},"end":{"line":729,"column":19}},"729":{"start":{"line":730,"column":0},"end":{"line":730,"column":9}},"730":{"start":{"line":731,"column":0},"end":{"line":731,"column":45}},"731":{"start":{"line":732,"column":0},"end":{"line":732,"column":6}},"732":{"start":{"line":733,"column":0},"end":{"line":733,"column":4}},"734":{"start":{"line":735,"column":0},"end":{"line":735,"column":34}},"735":{"start":{"line":736,"column":0},"end":{"line":736,"column":51}},"736":{"start":{"line":737,"column":0},"end":{"line":737,"column":4}},"738":{"start":{"line":739,"column":0},"end":{"line":739,"column":32}},"739":{"start":{"line":740,"column":0},"end":{"line":740,"column":28}},"740":{"start":{"line":741,"column":0},"end":{"line":741,"column":30}},"741":{"start":{"line":742,"column":0},"end":{"line":742,"column":13}},"742":{"start":{"line":743,"column":0},"end":{"line":743,"column":5}},"743":{"start":{"line":744,"column":0},"end":{"line":744,"column":56}},"744":{"start":{"line":745,"column":0},"end":{"line":745,"column":44}},"745":{"start":{"line":746,"column":0},"end":{"line":746,"column":13}},"746":{"start":{"line":747,"column":0},"end":{"line":747,"column":5}},"748":{"start":{"line":749,"column":0},"end":{"line":749,"column":25}},"749":{"start":{"line":750,"column":0},"end":{"line":750,"column":29}},"750":{"start":{"line":751,"column":0},"end":{"line":751,"column":23}},"751":{"start":{"line":752,"column":0},"end":{"line":752,"column":23}},"752":{"start":{"line":753,"column":0},"end":{"line":753,"column":15}},"753":{"start":{"line":754,"column":0},"end":{"line":754,"column":10}},"754":{"start":{"line":755,"column":0},"end":{"line":755,"column":12}},"755":{"start":{"line":756,"column":0},"end":{"line":756,"column":41}},"756":{"start":{"line":757,"column":0},"end":{"line":757,"column":13}},"757":{"start":{"line":758,"column":0},"end":{"line":758,"column":6}},"759":{"start":{"line":760,"column":0},"end":{"line":760,"column":52}},"760":{"start":{"line":761,"column":0},"end":{"line":761,"column":35}},"761":{"start":{"line":762,"column":0},"end":{"line":762,"column":25}},"762":{"start":{"line":763,"column":0},"end":{"line":763,"column":16}},"763":{"start":{"line":764,"column":0},"end":{"line":764,"column":22}},"764":{"start":{"line":765,"column":0},"end":{"line":765,"column":4}},"766":{"start":{"line":767,"column":0},"end":{"line":767,"column":31}},"767":{"start":{"line":768,"column":0},"end":{"line":768,"column":71}},"768":{"start":{"line":769,"column":0},"end":{"line":769,"column":50}},"769":{"start":{"line":770,"column":0},"end":{"line":770,"column":13}},"770":{"start":{"line":771,"column":0},"end":{"line":771,"column":5}},"772":{"start":{"line":773,"column":0},"end":{"line":773,"column":21}},"773":{"start":{"line":774,"column":0},"end":{"line":774,"column":61}},"774":{"start":{"line":775,"column":0},"end":{"line":775,"column":28}},"775":{"start":{"line":776,"column":0},"end":{"line":776,"column":42}},"776":{"start":{"line":777,"column":0},"end":{"line":777,"column":34}},"777":{"start":{"line":778,"column":0},"end":{"line":778,"column":49}},"778":{"start":{"line":779,"column":0},"end":{"line":779,"column":6}},"780":{"start":{"line":781,"column":0},"end":{"line":781,"column":40}},"781":{"start":{"line":782,"column":0},"end":{"line":782,"column":70}},"782":{"start":{"line":783,"column":0},"end":{"line":783,"column":41}},"783":{"start":{"line":784,"column":0},"end":{"line":784,"column":4}},"785":{"start":{"line":786,"column":0},"end":{"line":786,"column":43}},"786":{"start":{"line":787,"column":0},"end":{"line":787,"column":10}},"787":{"start":{"line":788,"column":0},"end":{"line":788,"column":65}},"788":{"start":{"line":789,"column":0},"end":{"line":789,"column":40}},"789":{"start":{"line":790,"column":0},"end":{"line":790,"column":61}},"790":{"start":{"line":791,"column":0},"end":{"line":791,"column":4}},"792":{"start":{"line":793,"column":0},"end":{"line":793,"column":33}},"793":{"start":{"line":794,"column":0},"end":{"line":794,"column":12}},"794":{"start":{"line":795,"column":0},"end":{"line":795,"column":75}},"795":{"start":{"line":796,"column":0},"end":{"line":796,"column":5}},"796":{"start":{"line":797,"column":0},"end":{"line":797,"column":42}},"798":{"start":{"line":799,"column":0},"end":{"line":799,"column":32}},"799":{"start":{"line":800,"column":0},"end":{"line":800,"column":20}},"800":{"start":{"line":801,"column":0},"end":{"line":801,"column":60}},"801":{"start":{"line":802,"column":0},"end":{"line":802,"column":44}},"802":{"start":{"line":803,"column":0},"end":{"line":803,"column":6}},"803":{"start":{"line":804,"column":0},"end":{"line":804,"column":42}},"805":{"start":{"line":806,"column":0},"end":{"line":806,"column":10}},"806":{"start":{"line":807,"column":0},"end":{"line":807,"column":46}},"807":{"start":{"line":808,"column":0},"end":{"line":808,"column":69}},"808":{"start":{"line":809,"column":0},"end":{"line":809,"column":53}},"809":{"start":{"line":810,"column":0},"end":{"line":810,"column":61}},"810":{"start":{"line":811,"column":0},"end":{"line":811,"column":17}},"811":{"start":{"line":812,"column":0},"end":{"line":812,"column":63}},"813":{"start":{"line":814,"column":0},"end":{"line":814,"column":19}},"814":{"start":{"line":815,"column":0},"end":{"line":815,"column":51}},"816":{"start":{"line":817,"column":0},"end":{"line":817,"column":18}},"817":{"start":{"line":818,"column":0},"end":{"line":818,"column":18}},"818":{"start":{"line":819,"column":0},"end":{"line":819,"column":75}},"819":{"start":{"line":820,"column":0},"end":{"line":820,"column":33}},"820":{"start":{"line":821,"column":0},"end":{"line":821,"column":20}},"821":{"start":{"line":822,"column":0},"end":{"line":822,"column":84}},"822":{"start":{"line":823,"column":0},"end":{"line":823,"column":22}},"823":{"start":{"line":824,"column":0},"end":{"line":824,"column":79}},"824":{"start":{"line":825,"column":0},"end":{"line":825,"column":21}},"825":{"start":{"line":826,"column":0},"end":{"line":826,"column":18}},"826":{"start":{"line":827,"column":0},"end":{"line":827,"column":16}},"827":{"start":{"line":828,"column":0},"end":{"line":828,"column":14}},"828":{"start":{"line":829,"column":0},"end":{"line":829,"column":12}},"830":{"start":{"line":831,"column":0},"end":{"line":831,"column":59}},"831":{"start":{"line":832,"column":0},"end":{"line":832,"column":48}},"832":{"start":{"line":833,"column":0},"end":{"line":833,"column":59}},"833":{"start":{"line":834,"column":0},"end":{"line":834,"column":19}},"834":{"start":{"line":835,"column":0},"end":{"line":835,"column":50}},"835":{"start":{"line":836,"column":0},"end":{"line":836,"column":49}},"836":{"start":{"line":837,"column":0},"end":{"line":837,"column":243}},"837":{"start":{"line":838,"column":0},"end":{"line":838,"column":36}},"838":{"start":{"line":839,"column":0},"end":{"line":839,"column":62}},"839":{"start":{"line":840,"column":0},"end":{"line":840,"column":55}},"840":{"start":{"line":841,"column":0},"end":{"line":841,"column":17}},"842":{"start":{"line":843,"column":0},"end":{"line":843,"column":40}},"844":{"start":{"line":845,"column":0},"end":{"line":845,"column":21}},"845":{"start":{"line":846,"column":0},"end":{"line":846,"column":19}},"846":{"start":{"line":847,"column":0},"end":{"line":847,"column":57}},"847":{"start":{"line":848,"column":0},"end":{"line":848,"column":56}},"848":{"start":{"line":849,"column":0},"end":{"line":849,"column":243}},"849":{"start":{"line":850,"column":0},"end":{"line":850,"column":43}},"850":{"start":{"line":851,"column":0},"end":{"line":851,"column":62}},"851":{"start":{"line":852,"column":0},"end":{"line":852,"column":55}},"852":{"start":{"line":853,"column":0},"end":{"line":853,"column":17}},"854":{"start":{"line":855,"column":0},"end":{"line":855,"column":37}},"856":{"start":{"line":857,"column":0},"end":{"line":857,"column":21}},"857":{"start":{"line":858,"column":0},"end":{"line":858,"column":19}},"858":{"start":{"line":859,"column":0},"end":{"line":859,"column":55}},"859":{"start":{"line":860,"column":0},"end":{"line":860,"column":54}},"860":{"start":{"line":861,"column":0},"end":{"line":861,"column":243}},"861":{"start":{"line":862,"column":0},"end":{"line":862,"column":41}},"862":{"start":{"line":863,"column":0},"end":{"line":863,"column":62}},"863":{"start":{"line":864,"column":0},"end":{"line":864,"column":55}},"864":{"start":{"line":865,"column":0},"end":{"line":865,"column":17}},"866":{"start":{"line":867,"column":0},"end":{"line":867,"column":35}},"868":{"start":{"line":869,"column":0},"end":{"line":869,"column":21}},"869":{"start":{"line":870,"column":0},"end":{"line":870,"column":16}},"870":{"start":{"line":871,"column":0},"end":{"line":871,"column":14}},"871":{"start":{"line":872,"column":0},"end":{"line":872,"column":12}},"873":{"start":{"line":874,"column":0},"end":{"line":874,"column":51}},"874":{"start":{"line":875,"column":0},"end":{"line":875,"column":34}},"875":{"start":{"line":876,"column":0},"end":{"line":876,"column":18}},"876":{"start":{"line":877,"column":0},"end":{"line":877,"column":47}},"877":{"start":{"line":878,"column":0},"end":{"line":878,"column":33}},"878":{"start":{"line":879,"column":0},"end":{"line":879,"column":23}},"879":{"start":{"line":880,"column":0},"end":{"line":880,"column":43}},"880":{"start":{"line":881,"column":0},"end":{"line":881,"column":43}},"881":{"start":{"line":882,"column":0},"end":{"line":882,"column":31}},"882":{"start":{"line":883,"column":0},"end":{"line":883,"column":21}},"883":{"start":{"line":884,"column":0},"end":{"line":884,"column":25}},"884":{"start":{"line":885,"column":0},"end":{"line":885,"column":35}},"885":{"start":{"line":886,"column":0},"end":{"line":886,"column":41}},"886":{"start":{"line":887,"column":0},"end":{"line":887,"column":27}},"887":{"start":{"line":888,"column":0},"end":{"line":888,"column":43}},"888":{"start":{"line":889,"column":0},"end":{"line":889,"column":37}},"889":{"start":{"line":890,"column":0},"end":{"line":890,"column":43}},"890":{"start":{"line":891,"column":0},"end":{"line":891,"column":12}},"892":{"start":{"line":893,"column":0},"end":{"line":893,"column":41}},"893":{"start":{"line":894,"column":0},"end":{"line":894,"column":30}},"894":{"start":{"line":895,"column":0},"end":{"line":895,"column":35}},"895":{"start":{"line":896,"column":0},"end":{"line":896,"column":33}},"896":{"start":{"line":897,"column":0},"end":{"line":897,"column":39}},"897":{"start":{"line":898,"column":0},"end":{"line":898,"column":12}},"899":{"start":{"line":900,"column":0},"end":{"line":900,"column":39}},"900":{"start":{"line":901,"column":0},"end":{"line":901,"column":32}},"901":{"start":{"line":902,"column":0},"end":{"line":902,"column":35}},"902":{"start":{"line":903,"column":0},"end":{"line":903,"column":41}},"903":{"start":{"line":904,"column":0},"end":{"line":904,"column":41}},"904":{"start":{"line":905,"column":0},"end":{"line":905,"column":31}},"905":{"start":{"line":906,"column":0},"end":{"line":906,"column":12}},"907":{"start":{"line":908,"column":0},"end":{"line":908,"column":12}},"909":{"start":{"line":910,"column":0},"end":{"line":910,"column":19}},"910":{"start":{"line":911,"column":0},"end":{"line":911,"column":33}},"911":{"start":{"line":912,"column":0},"end":{"line":912,"column":39}},"912":{"start":{"line":913,"column":0},"end":{"line":913,"column":39}},"913":{"start":{"line":914,"column":0},"end":{"line":914,"column":8}},"914":{"start":{"line":915,"column":0},"end":{"line":915,"column":10}},"916":{"start":{"line":917,"column":0},"end":{"line":917,"column":1}},"918":{"start":{"line":919,"column":0},"end":{"line":919,"column":19}}},"s":{"0":1,"14":1,"15":1,"16":1,"17":1,"18":1,"20":1,"21":26,"22":26,"23":26,"24":26,"25":26,"26":26,"27":26,"28":26,"29":26,"30":26,"31":26,"32":26,"33":26,"34":26,"35":26,"36":26,"37":26,"38":26,"39":26,"40":26,"41":26,"42":26,"43":26,"44":26,"45":26,"46":26,"47":26,"48":26,"49":26,"50":26,"51":26,"52":26,"53":26,"55":26,"56":26,"57":26,"58":260,"59":260,"60":260,"61":260,"62":260,"63":260,"65":260,"66":260,"67":260,"68":260,"69":260,"70":260,"71":260,"72":260,"73":260,"74":260,"75":260,"76":260,"77":260,"78":260,"79":26,"80":26,"81":26,"82":26,"84":26,"85":26,"86":26,"87":26,"89":26,"90":26,"92":26,"93":26,"94":15,"95":15,"96":15,"97":15,"99":11,"100":11,"101":11,"102":11,"103":11,"104":11,"106":11,"107":11,"108":11,"109":11,"110":11,"111":11,"112":11,"113":11,"114":11,"115":11,"116":11,"117":11,"118":11,"120":11,"121":11,"122":11,"124":11,"125":11,"126":11,"127":11,"128":11,"129":11,"131":11,"132":11,"133":11,"134":11,"135":11,"136":11,"137":11,"138":11,"139":11,"141":11,"142":11,"143":11,"144":11,"145":11,"146":11,"147":11,"148":11,"149":11,"150":11,"152":26,"154":26,"155":11,"156":11,"157":11,"158":11,"159":11,"160":11,"161":11,"162":11,"163":11,"164":11,"165":11,"166":11,"167":11,"168":11,"169":11,"171":11,"172":11,"173":11,"174":11,"175":11,"177":11,"178":11,"179":11,"180":11,"181":11,"182":11,"183":11,"184":11,"185":11,"186":11,"187":11,"189":11,"190":2,"191":2,"192":2,"193":2,"194":2,"195":2,"198":11,"199":11,"200":11,"202":11,"204":11,"205":11,"207":26,"208":26,"211":1,"212":2,"213":2,"214":1,"215":1,"216":1,"217":1,"218":1,"219":1,"220":2,"222":2,"223":2,"224":2,"225":2,"226":2,"227":2,"228":2,"229":2,"230":2,"231":2,"232":2,"233":2,"234":2,"235":2,"236":2,"237":2,"238":2,"239":2,"240":2,"241":2,"242":2,"243":2,"244":2,"245":2,"246":2,"247":2,"248":2,"249":2,"251":2,"252":2,"253":2,"254":2,"255":2,"256":2,"258":2,"259":2,"261":2,"262":2,"264":2,"265":2,"267":2,"268":2,"269":2,"270":2,"271":2,"272":2,"273":2,"274":1,"275":1,"276":1,"278":1,"279":1,"280":1,"281":1,"282":1,"283":1,"284":1,"285":1,"286":1,"287":2,"288":2,"289":1,"290":1,"291":1,"292":1,"293":1,"295":1,"296":1,"298":2,"299":2,"300":2,"301":2,"303":2,"304":2,"305":2,"306":2,"307":2,"308":2,"310":2,"311":2,"313":2,"314":2,"316":2,"317":2,"319":2,"320":2,"322":2,"323":2,"325":2,"326":2,"327":2,"328":2,"329":2,"330":1,"331":1,"332":1,"334":1,"335":1,"336":1,"337":1,"338":1,"339":1,"340":1,"341":1,"342":1,"343":1,"344":1,"345":1,"346":1,"347":1,"348":1,"349":1,"350":1,"351":1,"352":1,"353":2,"354":2,"355":1,"356":1,"357":1,"358":1,"359":1,"361":1,"362":1,"364":2,"365":2,"366":2,"367":2,"368":2,"370":2,"372":1,"373":28,"374":28,"375":28,"376":28,"377":28,"378":28,"379":28,"380":28,"381":28,"383":28,"384":28,"385":28,"386":28,"387":28,"388":28,"389":28,"391":28,"392":28,"393":28,"394":28,"395":28,"396":28,"397":28,"398":9,"400":28,"401":28,"402":28,"403":28,"404":28,"405":28,"406":28,"407":28,"409":28,"410":28,"411":28,"412":28,"413":28,"414":28,"415":28,"416":28,"417":3,"419":28,"420":28,"421":28,"422":28,"423":28,"424":28,"425":28,"426":28,"428":28,"429":28,"430":28,"431":28,"432":28,"433":28,"434":28,"435":6,"437":28,"438":28,"439":28,"440":28,"441":28,"442":28,"443":28,"444":28,"446":28,"447":28,"448":28,"449":28,"450":28,"451":28,"452":28,"453":6,"455":28,"456":28,"457":28,"458":28,"459":28,"460":28,"461":28,"463":28,"465":28,"466":28,"468":28,"469":28,"470":28,"471":28,"472":28,"473":28,"475":28,"476":28,"478":28,"479":28,"481":28,"482":28,"484":28,"485":28,"487":28,"488":28,"489":28,"490":28,"491":28,"492":281,"493":281,"494":281,"496":281,"497":281,"498":281,"499":281,"500":281,"501":281,"502":281,"503":281,"504":281,"505":281,"506":281,"507":281,"508":281,"509":281,"510":28,"511":28,"512":28,"513":28,"514":28,"515":28,"518":1,"519":56,"521":2,"522":2,"523":2,"524":2,"525":2,"526":2,"527":2,"528":2,"530":2,"531":2,"532":2,"534":2,"535":2,"536":2,"537":2,"538":2,"539":2,"540":2,"541":2,"542":2,"544":2,"545":2,"546":2,"547":2,"548":2,"549":2,"550":2,"551":2,"552":2,"553":2,"554":2,"555":2,"556":2,"557":2,"558":2,"560":2,"561":2,"562":2,"563":2,"564":2,"565":2,"566":2,"567":2,"568":2,"569":2,"570":2,"571":2,"572":2,"573":2,"574":2,"575":2,"576":2,"577":2,"578":2,"579":2,"580":2,"581":2,"583":2,"584":2,"585":2,"586":2,"587":2,"589":2,"590":2,"591":2,"592":2,"593":2,"595":2,"596":2,"597":2,"598":2,"600":2,"602":56,"603":56,"604":56,"605":56,"606":56,"607":56,"608":56,"609":56,"610":56,"611":56,"612":56,"613":56,"614":56,"615":56,"616":56,"617":56,"618":56,"619":56,"620":56,"621":56,"622":56,"623":56,"624":56,"625":56,"626":56,"627":56,"628":56,"629":56,"630":56,"631":56,"632":56,"633":56,"634":56,"635":56,"636":56,"637":56,"638":56,"639":56,"640":56,"641":56,"642":56,"643":56,"644":56,"645":56,"646":56,"647":56,"648":56,"649":56,"650":56,"651":56,"652":56,"653":56,"654":56,"655":56,"656":56,"657":56,"658":56,"659":56,"660":56,"661":56,"662":56,"663":56,"664":56,"665":56,"666":56,"667":56,"668":56,"669":56,"670":56,"671":56,"672":56,"673":56,"674":56,"675":56,"677":56,"678":56,"679":56,"680":56,"681":56,"682":56,"683":56,"685":56,"686":56,"687":56,"688":56,"689":56,"690":56,"692":56,"693":5,"694":5,"695":5,"696":5,"697":56,"699":56,"700":56,"701":56,"702":56,"703":56,"704":56,"705":56,"707":56,"708":3,"709":3,"710":0,"711":0,"712":0,"713":0,"714":0,"715":0,"716":0,"717":3,"718":3,"719":3,"720":3,"722":56,"723":2,"724":2,"725":2,"726":2,"727":2,"728":0,"729":2,"730":2,"731":2,"732":2,"734":56,"735":1,"736":1,"738":56,"739":3,"740":0,"741":0,"742":0,"743":3,"744":1,"745":1,"746":1,"748":2,"749":2,"750":2,"751":2,"752":2,"753":2,"754":2,"755":2,"756":2,"757":2,"759":2,"760":2,"761":2,"762":2,"763":2,"764":3,"766":56,"767":2,"768":1,"769":1,"770":1,"772":1,"773":1,"774":1,"775":1,"776":1,"777":2,"778":2,"780":2,"781":2,"782":2,"783":2,"785":56,"786":56,"787":561,"788":0,"789":0,"790":56,"792":56,"793":56,"794":56,"795":56,"796":56,"798":56,"799":56,"800":5,"801":5,"802":56,"803":56,"805":56,"806":56,"807":56,"808":56,"809":56,"810":56,"811":56,"813":56,"814":56,"816":56,"817":56,"818":56,"819":56,"820":56,"821":56,"822":56,"823":56,"824":56,"825":56,"826":56,"827":56,"828":56,"830":56,"831":56,"832":56,"833":56,"834":56,"835":56,"836":56,"837":56,"838":26,"839":30,"840":56,"842":56,"844":56,"845":56,"846":56,"847":56,"848":56,"849":56,"850":2,"851":54,"852":56,"854":56,"856":56,"857":56,"858":56,"859":56,"860":56,"861":56,"862":28,"863":28,"864":56,"866":56,"868":56,"869":56,"870":56,"871":56,"873":56,"874":56,"875":26,"876":26,"877":26,"878":26,"879":26,"880":26,"881":26,"882":26,"883":26,"884":26,"885":26,"886":26,"887":26,"888":26,"889":26,"890":26,"892":56,"893":2,"894":2,"895":2,"896":2,"897":2,"899":56,"900":28,"901":28,"902":28,"903":28,"904":28,"905":28,"907":56,"909":56,"910":56,"911":56,"912":56,"913":56,"914":56,"916":56,"918":1},"branchMap":{"0":{"type":"branch","line":21,"loc":{"start":{"line":21,"column":16},"end":{"line":209,"column":8}},"locations":[{"start":{"line":21,"column":16},"end":{"line":209,"column":8}}]},"1":{"type":"branch","line":94,"loc":{"start":{"line":94,"column":25},"end":{"line":98,"column":16}},"locations":[{"start":{"line":94,"column":25},"end":{"line":98,"column":16}}]},"2":{"type":"branch","line":98,"loc":{"start":{"line":98,"column":10},"end":{"line":151,"column":16}},"locations":[{"start":{"line":98,"column":10},"end":{"line":151,"column":16}}]},"3":{"type":"branch","line":155,"loc":{"start":{"line":155,"column":21},"end":{"line":206,"column":14}},"locations":[{"start":{"line":155,"column":21},"end":{"line":206,"column":14}}]},"4":{"type":"branch","line":190,"loc":{"start":{"line":190,"column":11},"end":{"line":190,"column":61}},"locations":[{"start":{"line":190,"column":11},"end":{"line":190,"column":61}}]},"5":{"type":"branch","line":190,"loc":{"start":{"line":190,"column":51},"end":{"line":196,"column":18}},"locations":[{"start":{"line":190,"column":51},"end":{"line":196,"column":18}}]},"6":{"type":"branch","line":58,"loc":{"start":{"line":58,"column":32},"end":{"line":79,"column":21}},"locations":[{"start":{"line":58,"column":32},"end":{"line":79,"column":21}}]},"7":{"type":"branch","line":61,"loc":{"start":{"line":61,"column":23},"end":{"line":61,"column":48}},"locations":[{"start":{"line":61,"column":23},"end":{"line":61,"column":48}}]},"8":{"type":"branch","line":101,"loc":{"start":{"line":101,"column":22},"end":{"line":149,"column":20}},"locations":[{"start":{"line":101,"column":22},"end":{"line":149,"column":20}}]},"9":{"type":"branch","line":118,"loc":{"start":{"line":118,"column":29},"end":{"line":118,"column":59}},"locations":[{"start":{"line":118,"column":29},"end":{"line":118,"column":59}}]},"10":{"type":"branch","line":129,"loc":{"start":{"line":129,"column":31},"end":{"line":129,"column":65}},"locations":[{"start":{"line":129,"column":31},"end":{"line":129,"column":65}}]},"11":{"type":"branch","line":139,"loc":{"start":{"line":139,"column":31},"end":{"line":139,"column":64}},"locations":[{"start":{"line":139,"column":31},"end":{"line":139,"column":64}}]},"12":{"type":"branch","line":186,"loc":{"start":{"line":186,"column":24},"end":{"line":186,"column":61}},"locations":[{"start":{"line":186,"column":24},"end":{"line":186,"column":61}}]},"13":{"type":"branch","line":212,"loc":{"start":{"line":212,"column":28},"end":{"line":371,"column":2}},"locations":[{"start":{"line":212,"column":28},"end":{"line":371,"column":2}}]},"14":{"type":"branch","line":289,"loc":{"start":{"line":289,"column":50},"end":{"line":297,"column":21}},"locations":[{"start":{"line":289,"column":50},"end":{"line":297,"column":21}}]},"15":{"type":"branch","line":355,"loc":{"start":{"line":355,"column":39},"end":{"line":363,"column":21}},"locations":[{"start":{"line":355,"column":39},"end":{"line":363,"column":21}}]},"16":{"type":"branch","line":214,"loc":{"start":{"line":214,"column":23},"end":{"line":221,"column":3}},"locations":[{"start":{"line":214,"column":23},"end":{"line":221,"column":3}}]},"17":{"type":"branch","line":274,"loc":{"start":{"line":274,"column":21},"end":{"line":287,"column":23}},"locations":[{"start":{"line":274,"column":21},"end":{"line":287,"column":23}}]},"18":{"type":"branch","line":330,"loc":{"start":{"line":330,"column":45},"end":{"line":353,"column":21}},"locations":[{"start":{"line":330,"column":45},"end":{"line":353,"column":21}}]},"19":{"type":"branch","line":373,"loc":{"start":{"line":373,"column":30},"end":{"line":516,"column":8}},"locations":[{"start":{"line":373,"column":30},"end":{"line":516,"column":8}}]},"20":{"type":"branch","line":398,"loc":{"start":{"line":398,"column":22},"end":{"line":399,"column":68}},"locations":[{"start":{"line":398,"column":22},"end":{"line":399,"column":68}}]},"21":{"type":"branch","line":417,"loc":{"start":{"line":417,"column":22},"end":{"line":418,"column":69}},"locations":[{"start":{"line":417,"column":22},"end":{"line":418,"column":69}}]},"22":{"type":"branch","line":435,"loc":{"start":{"line":435,"column":22},"end":{"line":436,"column":71}},"locations":[{"start":{"line":435,"column":22},"end":{"line":436,"column":71}}]},"23":{"type":"branch","line":453,"loc":{"start":{"line":453,"column":22},"end":{"line":454,"column":72}},"locations":[{"start":{"line":453,"column":22},"end":{"line":454,"column":72}}]},"24":{"type":"branch","line":492,"loc":{"start":{"line":492,"column":26},"end":{"line":510,"column":19}},"locations":[{"start":{"line":492,"column":26},"end":{"line":510,"column":19}}]},"25":{"type":"branch","line":519,"loc":{"start":{"line":519,"column":21},"end":{"line":601,"column":2}},"locations":[{"start":{"line":519,"column":21},"end":{"line":601,"column":2}}]},"26":{"type":"branch","line":520,"loc":{"start":{"line":520,"column":7},"end":{"line":520,"column":39}},"locations":[{"start":{"line":520,"column":7},"end":{"line":520,"column":39}}]},"27":{"type":"branch","line":520,"loc":{"start":{"line":520,"column":39},"end":{"line":520,"column":51}},"locations":[{"start":{"line":520,"column":39},"end":{"line":520,"column":51}}]},"28":{"type":"branch","line":520,"loc":{"start":{"line":520,"column":46},"end":{"line":601,"column":2}},"locations":[{"start":{"line":520,"column":46},"end":{"line":601,"column":2}}]},"29":{"type":"branch","line":546,"loc":{"start":{"line":546,"column":38},"end":{"line":557,"column":20}},"locations":[{"start":{"line":546,"column":38},"end":{"line":557,"column":20}}]},"30":{"type":"branch","line":592,"loc":{"start":{"line":592,"column":21},"end":{"line":592,"column":49}},"locations":[{"start":{"line":592,"column":21},"end":{"line":592,"column":49}}]},"31":{"type":"branch","line":603,"loc":{"start":{"line":603,"column":0},"end":{"line":917,"column":1}},"locations":[{"start":{"line":603,"column":0},"end":{"line":917,"column":1}}]},"32":{"type":"branch","line":706,"loc":{"start":{"line":706,"column":17},"end":{"line":706,"column":63}},"locations":[{"start":{"line":706,"column":17},"end":{"line":706,"column":63}}]},"33":{"type":"branch","line":706,"loc":{"start":{"line":706,"column":55},"end":{"line":706,"column":65}},"locations":[{"start":{"line":706,"column":55},"end":{"line":706,"column":65}}]},"34":{"type":"branch","line":822,"loc":{"start":{"line":822,"column":17},"end":{"line":822,"column":76}},"locations":[{"start":{"line":822,"column":17},"end":{"line":822,"column":76}}]},"35":{"type":"branch","line":822,"loc":{"start":{"line":822,"column":72},"end":{"line":822,"column":80}},"locations":[{"start":{"line":822,"column":72},"end":{"line":822,"column":80}}]},"36":{"type":"branch","line":824,"loc":{"start":{"line":824,"column":17},"end":{"line":824,"column":76}},"locations":[{"start":{"line":824,"column":17},"end":{"line":824,"column":76}}]},"37":{"type":"branch","line":824,"loc":{"start":{"line":824,"column":72},"end":{"line":824,"column":79}},"locations":[{"start":{"line":824,"column":72},"end":{"line":824,"column":79}}]},"38":{"type":"branch","line":838,"loc":{"start":{"line":838,"column":31},"end":{"line":839,"column":62}},"locations":[{"start":{"line":838,"column":31},"end":{"line":839,"column":62}}]},"39":{"type":"branch","line":839,"loc":{"start":{"line":839,"column":20},"end":{"line":840,"column":55}},"locations":[{"start":{"line":839,"column":20},"end":{"line":840,"column":55}}]},"40":{"type":"branch","line":850,"loc":{"start":{"line":850,"column":31},"end":{"line":851,"column":62}},"locations":[{"start":{"line":850,"column":31},"end":{"line":851,"column":62}}]},"41":{"type":"branch","line":851,"loc":{"start":{"line":851,"column":20},"end":{"line":852,"column":55}},"locations":[{"start":{"line":851,"column":20},"end":{"line":852,"column":55}}]},"42":{"type":"branch","line":862,"loc":{"start":{"line":862,"column":31},"end":{"line":863,"column":62}},"locations":[{"start":{"line":862,"column":31},"end":{"line":863,"column":62}}]},"43":{"type":"branch","line":863,"loc":{"start":{"line":863,"column":20},"end":{"line":864,"column":55}},"locations":[{"start":{"line":863,"column":20},"end":{"line":864,"column":55}}]},"44":{"type":"branch","line":875,"loc":{"start":{"line":875,"column":24},"end":{"line":891,"column":12}},"locations":[{"start":{"line":875,"column":24},"end":{"line":891,"column":12}}]},"45":{"type":"branch","line":893,"loc":{"start":{"line":893,"column":24},"end":{"line":898,"column":12}},"locations":[{"start":{"line":893,"column":24},"end":{"line":898,"column":12}}]},"46":{"type":"branch","line":900,"loc":{"start":{"line":900,"column":24},"end":{"line":906,"column":12}},"locations":[{"start":{"line":900,"column":24},"end":{"line":906,"column":12}}]},"47":{"type":"branch","line":693,"loc":{"start":{"line":693,"column":12},"end":{"line":698,"column":5}},"locations":[{"start":{"line":693,"column":12},"end":{"line":698,"column":5}}]},"48":{"type":"branch","line":694,"loc":{"start":{"line":694,"column":23},"end":{"line":694,"column":56}},"locations":[{"start":{"line":694,"column":23},"end":{"line":694,"column":56}}]},"49":{"type":"branch","line":697,"loc":{"start":{"line":697,"column":11},"end":{"line":697,"column":41}},"locations":[{"start":{"line":697,"column":11},"end":{"line":697,"column":41}}]},"50":{"type":"branch","line":701,"loc":{"start":{"line":701,"column":4},"end":{"line":701,"column":52}},"locations":[{"start":{"line":701,"column":4},"end":{"line":701,"column":52}}]},"51":{"type":"branch","line":708,"loc":{"start":{"line":708,"column":20},"end":{"line":721,"column":4}},"locations":[{"start":{"line":708,"column":20},"end":{"line":721,"column":4}}]},"52":{"type":"branch","line":710,"loc":{"start":{"line":710,"column":22},"end":{"line":718,"column":11}},"locations":[{"start":{"line":710,"column":22},"end":{"line":718,"column":11}}]},"53":{"type":"branch","line":723,"loc":{"start":{"line":723,"column":25},"end":{"line":733,"column":4}},"locations":[{"start":{"line":723,"column":25},"end":{"line":733,"column":4}}]},"54":{"type":"branch","line":726,"loc":{"start":{"line":726,"column":13},"end":{"line":729,"column":19}},"locations":[{"start":{"line":726,"column":13},"end":{"line":729,"column":19}}]},"55":{"type":"branch","line":728,"loc":{"start":{"line":728,"column":70},"end":{"line":729,"column":19}},"locations":[{"start":{"line":728,"column":70},"end":{"line":729,"column":19}}]},"56":{"type":"branch","line":731,"loc":{"start":{"line":731,"column":16},"end":{"line":731,"column":43}},"locations":[{"start":{"line":731,"column":16},"end":{"line":731,"column":43}}]},"57":{"type":"branch","line":735,"loc":{"start":{"line":735,"column":25},"end":{"line":737,"column":4}},"locations":[{"start":{"line":735,"column":25},"end":{"line":737,"column":4}}]},"58":{"type":"branch","line":736,"loc":{"start":{"line":736,"column":24},"end":{"line":736,"column":48}},"locations":[{"start":{"line":736,"column":24},"end":{"line":736,"column":48}}]},"59":{"type":"branch","line":739,"loc":{"start":{"line":739,"column":25},"end":{"line":765,"column":4}},"locations":[{"start":{"line":739,"column":25},"end":{"line":765,"column":4}}]},"60":{"type":"branch","line":740,"loc":{"start":{"line":740,"column":27},"end":{"line":743,"column":5}},"locations":[{"start":{"line":740,"column":27},"end":{"line":743,"column":5}}]},"61":{"type":"branch","line":744,"loc":{"start":{"line":744,"column":9},"end":{"line":744,"column":55}},"locations":[{"start":{"line":744,"column":9},"end":{"line":744,"column":55}}]},"62":{"type":"branch","line":744,"loc":{"start":{"line":744,"column":55},"end":{"line":747,"column":5}},"locations":[{"start":{"line":744,"column":55},"end":{"line":747,"column":5}}]},"63":{"type":"branch","line":747,"loc":{"start":{"line":747,"column":4},"end":{"line":764,"column":22}},"locations":[{"start":{"line":747,"column":4},"end":{"line":764,"column":22}}]},"64":{"type":"branch","line":767,"loc":{"start":{"line":767,"column":24},"end":{"line":784,"column":4}},"locations":[{"start":{"line":767,"column":24},"end":{"line":784,"column":4}}]},"65":{"type":"branch","line":768,"loc":{"start":{"line":768,"column":20},"end":{"line":768,"column":49}},"locations":[{"start":{"line":768,"column":20},"end":{"line":768,"column":49}}]},"66":{"type":"branch","line":768,"loc":{"start":{"line":768,"column":40},"end":{"line":768,"column":70}},"locations":[{"start":{"line":768,"column":40},"end":{"line":768,"column":70}}]},"67":{"type":"branch","line":768,"loc":{"start":{"line":768,"column":70},"end":{"line":778,"column":39}},"locations":[{"start":{"line":768,"column":70},"end":{"line":778,"column":39}}]},"68":{"type":"branch","line":778,"loc":{"start":{"line":778,"column":27},"end":{"line":778,"column":49}},"locations":[{"start":{"line":778,"column":27},"end":{"line":778,"column":49}}]},"69":{"type":"branch","line":787,"loc":{"start":{"line":787,"column":4},"end":{"line":790,"column":61}},"locations":[{"start":{"line":787,"column":4},"end":{"line":790,"column":61}}]},"70":{"type":"branch","line":788,"loc":{"start":{"line":788,"column":61},"end":{"line":789,"column":40}},"locations":[{"start":{"line":788,"column":61},"end":{"line":789,"column":40}}]},"71":{"type":"branch","line":789,"loc":{"start":{"line":789,"column":36},"end":{"line":790,"column":61}},"locations":[{"start":{"line":789,"column":36},"end":{"line":790,"column":61}}]},"72":{"type":"branch","line":795,"loc":{"start":{"line":795,"column":6},"end":{"line":795,"column":75}},"locations":[{"start":{"line":795,"column":6},"end":{"line":795,"column":75}}]},"73":{"type":"branch","line":797,"loc":{"start":{"line":797,"column":12},"end":{"line":797,"column":39}},"locations":[{"start":{"line":797,"column":12},"end":{"line":797,"column":39}}]},"74":{"type":"branch","line":800,"loc":{"start":{"line":800,"column":12},"end":{"line":803,"column":5}},"locations":[{"start":{"line":800,"column":12},"end":{"line":803,"column":5}}]},"75":{"type":"branch","line":804,"loc":{"start":{"line":804,"column":12},"end":{"line":804,"column":39}},"locations":[{"start":{"line":804,"column":12},"end":{"line":804,"column":39}}]},"76":{"type":"branch","line":847,"loc":{"start":{"line":847,"column":23},"end":{"line":847,"column":57}},"locations":[{"start":{"line":847,"column":23},"end":{"line":847,"column":57}}]},"77":{"type":"branch","line":859,"loc":{"start":{"line":859,"column":23},"end":{"line":859,"column":55}},"locations":[{"start":{"line":859,"column":23},"end":{"line":859,"column":55}}]}},"b":{"0":[26],"1":[15],"2":[11],"3":[11],"4":[6],"5":[2],"6":[260],"7":[3],"8":[11],"9":[1],"10":[1],"11":[1],"12":[6],"13":[2],"14":[1],"15":[1],"16":[1],"17":[1],"18":[1],"19":[28],"20":[9],"21":[3],"22":[6],"23":[6],"24":[281],"25":[56],"26":[2],"27":[54],"28":[2],"29":[2],"30":[2],"31":[56],"32":[6],"33":[50],"34":[51],"35":[5],"36":[51],"37":[5],"38":[26],"39":[30],"40":[2],"41":[54],"42":[28],"43":[28],"44":[26],"45":[2],"46":[28],"47":[5],"48":[6],"49":[5],"50":[11],"51":[3],"52":[0],"53":[2],"54":[2],"55":[0],"56":[2],"57":[1],"58":[1],"59":[3],"60":[0],"61":[2],"62":[1],"63":[2],"64":[2],"65":[1],"66":[1],"67":[1],"68":[0],"69":[561],"70":[0],"71":[0],"72":[5],"73":[5],"74":[5],"75":[5],"76":[2],"77":[2]},"fnMap":{"0":{"name":"POSView","decl":{"start":{"line":21,"column":16},"end":{"line":209,"column":8}},"loc":{"start":{"line":21,"column":16},"end":{"line":209,"column":8}},"line":21},"1":{"name":"onChange","decl":{"start":{"line":51,"column":22},"end":{"line":51,"column":60}},"loc":{"start":{"line":51,"column":22},"end":{"line":51,"column":60}},"line":51},"2":{"name":"onClick","decl":{"start":{"line":61,"column":23},"end":{"line":61,"column":48}},"loc":{"start":{"line":61,"column":23},"end":{"line":61,"column":48}},"line":61},"3":{"name":"onClick","decl":{"start":{"line":118,"column":29},"end":{"line":118,"column":59}},"loc":{"start":{"line":118,"column":29},"end":{"line":118,"column":59}},"line":118},"4":{"name":"onClick","decl":{"start":{"line":129,"column":31},"end":{"line":129,"column":65}},"loc":{"start":{"line":129,"column":31},"end":{"line":129,"column":65}},"line":129},"5":{"name":"onClick","decl":{"start":{"line":139,"column":31},"end":{"line":139,"column":64}},"loc":{"start":{"line":139,"column":31},"end":{"line":139,"column":64}},"line":139},"6":{"name":"onChange","decl":{"start":{"line":186,"column":24},"end":{"line":186,"column":61}},"loc":{"start":{"line":186,"column":24},"end":{"line":186,"column":61}},"line":186},"7":{"name":"SalesMonitoringView","decl":{"start":{"line":212,"column":28},"end":{"line":371,"column":2}},"loc":{"start":{"line":212,"column":28},"end":{"line":371,"column":2}},"line":212},"8":{"n
[...]
,"C:\\Users\\anneb\\OneDrive\\Desktop\\GUI-2\\pos-app\\src\\__tests__\\App.test.jsx": {"path":"C:\\Users\\anneb\\OneDrive\\Desktop\\GUI-2\\pos-app\\src\\__tests__\\App.test.jsx","all":false,"statementMap":{"0":{"start":{"line":1,"column":0},"end":{"line":1,"column":64}},"1":{"start":{"line":2,"column":0},"end":{"line":2,"column":52}},"2":{"start":{"line":3,"column":0},"end":{"line":3,"column":28}},"3":{"start":{"line":4,"column":0},"end":{"line":4,"column":29}},"5":{"start":{"line":6,"column":0},"end":{"line":6,"column":27}},"6":{"start":{"line":7,"column":0},"end":{"line":7,"column":33}},"7":{"start":{"line":8,"column":0},"end":{"line":8,"column":18}},"8":{"start":{"line":9,"column":0},"end":{"line":9,"column":18}},"9":{"start":{"line":10,"column":0},"end":{"line":10,"column":2}},"11":{"start":{"line":12,"column":0},"end":{"line":12,"column":18}},"12":{"start":{"line":13,"column":0},"end":{"line":13,"column":57}},"13":{"start":{"line":14,"column":0},"end":{"line":14,"column":3}},"15":{"start":{"line":16,"column":0},"end":{"line":16,"column":17}},"16":{"start":{"line":17,"column":0},"end":{"line":17,"column":29}},"17":{"start":{"line":18,"column":0},"end":{"line":18,"column":3}},"19":{"start":{"line":20,"column":0},"end":{"line":20,"column":61}},"20":{"start":{"line":21,"column":0},"end":{"line":21,"column":33}},"21":{"start":{"line":22,"column":0},"end":{"line":22,"column":71}},"23":{"start":{"line":24,"column":0},"end":{"line":24,"column":78}},"24":{"start":{"line":25,"column":0},"end":{"line":25,"column":70}},"26":{"start":{"line":27,"column":0},"end":{"line":27,"column":80}},"27":{"start":{"line":28,"column":0},"end":{"line":28,"column":66}},"28":{"start":{"line":29,"column":0},"end":{"line":29,"column":3}},"30":{"start":{"line":31,"column":0},"end":{"line":31,"column":50}},"31":{"start":{"line":32,"column":0},"end":{"line":32,"column":33}},"32":{"start":{"line":33,"column":0},"end":{"line":33,"column":80}},"34":{"start":{"line":35,"column":0},"end":{"line":35,"column":73}},"35":{"start":{"line":36,"column":0},"end":{"line":36,"column":44}},"36":{"start":{"line":37,"column":0},"end":{"line":37,"column":41}},"37":{"start":{"line":38,"column":0},"end":{"line":38,"column":4}},"39":{"start":{"line":40,"column":0},"end":{"line":40,"column":71}},"40":{"start":{"line":41,"column":0},"end":{"line":41,"column":59}},"41":{"start":{"line":42,"column":0},"end":{"line":42,"column":63}},"42":{"start":{"line":43,"column":0},"end":{"line":43,"column":64}},"43":{"start":{"line":44,"column":0},"end":{"line":44,"column":73}},"45":{"start":{"line":46,"column":0},"end":{"line":46,"column":60}},"46":{"start":{"line":47,"column":0},"end":{"line":47,"column":75}},"47":{"start":{"line":48,"column":0},"end":{"line":48,"column":3}},"49":{"start":{"line":50,"column":0},"end":{"line":50,"column":68}},"50":{"start":{"line":51,"column":0},"end":{"line":51,"column":33}},"51":{"start":{"line":52,"column":0},"end":{"line":52,"column":60}},"53":{"start":{"line":54,"column":0},"end":{"line":54,"column":56}},"54":{"start":{"line":55,"column":0},"end":{"line":55,"column":72}},"56":{"start":{"line":57,"column":0},"end":{"line":57,"column":80}},"57":{"start":{"line":58,"column":0},"end":{"line":58,"column":62}},"59":{"start":{"line":60,"column":0},"end":{"line":60,"column":80}},"60":{"start":{"line":61,"column":0},"end":{"line":61,"column":62}},"62":{"start":{"line":63,"column":0},"end":{"line":63,"column":65}},"63":{"start":{"line":64,"column":0},"end":{"line":64,"column":64}},"64":{"start":{"line":65,"column":0},"end":{"line":65,"column":3}},"66":{"start":{"line":67,"column":0},"end":{"line":67,"column":55}},"67":{"start":{"line":68,"column":0},"end":{"line":68,"column":33}},"68":{"start":{"line":69,"column":0},"end":{"line":69,"column":60}},"70":{"start":{"line":71,"column":0},"end":{"line":71,"column":78}},"71":{"start":{"line":72,"column":0},"end":{"line":72,"column":76}},"73":{"start":{"line":74,"column":0},"end":{"line":74,"column":60}},"74":{"start":{"line":75,"column":0},"end":{"line":75,"column":32}},"75":{"start":{"line":76,"column":0},"end":{"line":76,"column":38}},"76":{"start":{"line":77,"column":0},"end":{"line":77,"column":78}},"78":{"start":{"line":79,"column":0},"end":{"line":79,"column":67}},"79":{"start":{"line":80,"column":0},"end":{"line":80,"column":67}},"80":{"start":{"line":81,"column":0},"end":{"line":81,"column":73}},"81":{"start":{"line":82,"column":0},"end":{"line":82,"column":3}},"83":{"start":{"line":84,"column":0},"end":{"line":84,"column":68}},"84":{"start":{"line":85,"column":0},"end":{"line":85,"column":33}},"85":{"start":{"line":86,"column":0},"end":{"line":86,"column":60}},"87":{"start":{"line":88,"column":0},"end":{"line":88,"column":60}},"88":{"start":{"line":89,"column":0},"end":{"line":89,"column":32}},"89":{"start":{"line":90,"column":0},"end":{"line":90,"column":38}},"90":{"start":{"line":91,"column":0},"end":{"line":91,"column":78}},"91":{"start":{"line":92,"column":0},"end":{"line":92,"column":67}},"93":{"start":{"line":94,"column":0},"end":{"line":94,"column":78}},"94":{"start":{"line":95,"column":0},"end":{"line":95,"column":70}},"95":{"start":{"line":96,"column":0},"end":{"line":96,"column":62}},"96":{"start":{"line":97,"column":0},"end":{"line":97,"column":3}}},"s":{"0":1,"1":1,"2":1,"3":1,"5":1,"6":5,"7":5,"8":5,"9":5,"11":1,"12":5,"13":5,"15":1,"16":5,"17":5,"19":1,"20":1,"21":1,"23":1,"24":1,"26":1,"27":1,"28":1,"30":1,"31":1,"32":1,"34":1,"35":1,"36":1,"37":1,"39":1,"40":1,"41":1,"42":1,"43":1,"45":1,"46":1,"47":1,"49":1,"50":1,"51":1,"53":1,"54":1,"56":1,"57":1,"59":1,"60":1,"62":1,"63":1,"64":1,"66":1,"67":1,"68":1,"70":1,"71":1,"73":1,"74":1,"75":1,"76":1,"78":1,"79":1,"80":1,"81":1,"83":1,"84":1,"85":1,"87":1,"88":1,"89":1,"90":1,"91":1,"93":1,"94":1,"95":1,"96":1},"branchMap":{"0":{"type":"branch","line":6,"loc":{"start":{"line":6,"column":14},"end":{"line":10,"column":2}},"locations":[{"start":{"line":6,"column":14},"end":{"line":10,"column":2}}]},"1":{"type":"branch","line":12,"loc":{"start":{"line":12,"column":11},"end":{"line":14,"column":3}},"locations":[{"start":{"line":12,"column":11},"end":{"line":14,"column":3}}]},"2":{"type":"branch","line":13,"loc":{"start":{"line":13,"column":47},"end":{"line":13,"column":55}},"locations":[{"start":{"line":13,"column":47},"end":{"line":13,"column":55}}]},"3":{"type":"branch","line":16,"loc":{"start":{"line":16,"column":10},"end":{"line":18,"column":3}},"locations":[{"start":{"line":16,"column":10},"end":{"line":18,"column":3}}]},"4":{"type":"branch","line":20,"loc":{"start":{"line":20,"column":48},"end":{"line":29,"column":3}},"locations":[{"start":{"line":20,"column":48},"end":{"line":29,"column":3}}]},"5":{"type":"branch","line":31,"loc":{"start":{"line":31,"column":37},"end":{"line":48,"column":3}},"locations":[{"start":{"line":31,"column":37},"end":{"line":48,"column":3}}]},"6":{"type":"branch","line":50,"loc":{"start":{"line":50,"column":55},"end":{"line":65,"column":3}},"locations":[{"start":{"line":50,"column":55},"end":{"line":65,"column":3}}]},"7":{"type":"branch","line":67,"loc":{"start":{"line":67,"column":42},"end":{"line":82,"column":3}},"locations":[{"start":{"line":67,"column":42},"end":{"line":82,"column":3}}]},"8":{"type":"branch","line":84,"loc":{"start":{"line":84,"column":55},"end":{"line":97,"column":3}},"locations":[{"start":{"line":84,"column":55},"end":{"line":97,"column":3}}]}},"b":{"0":[5],"1":[5],"2":[3],"3":[5],"4":[1],"5":[1],"6":[1],"7":[1],"8":[1]},"fnMap":{"0":{"name":"setup","decl":{"start":{"line":6,"column":14},"end":{"line":10,"column":2}},"loc":{"start":{"line":6,"column":14},"end":{"line":10,"column":2}},"line":6}},"f":{"0":5}}
,"C:\\Users\\anneb\\OneDrive\\Desktop\\GUI-2\\pos-app\\src\\__tests__\\components.test.jsx": {"path":"C:\\Users\\anneb\\OneDrive\\Desktop\\GUI-2\\pos-app\\src\\__tests__\\components.test.jsx","all":false,"statementMap":{"0":{"start":{"line":1,"column":0},"end":{"line":1,"column":56}},"1":{"start":{"line":2,"column":0},"end":{"line":2,"column":52}},"2":{"start":{"line":3,"column":0},"end":{"line":3,"column":52}},"3":{"start":{"line":4,"column":0},"end":{"line":4,"column":28}},"4":{"start":{"line":5,"column":0},"end":{"line":5,"column":63}},"5":{"start":{"line":6,"column":0},"end":{"line":6,"column":57}},"6":{"start":{"line":7,"column":0},"end":{"line":7,"column":53}},"7":{"start":{"line":8,"column":0},"end":{"line":8,"column":59}},"9":{"start":{"line":10,"column":0},"end":{"line":10,"column":59}},"10":{"start":{"line":11,"column":0},"end":{"line":11,"column":33}},"11":{"start":{"line":12,"column":0},"end":{"line":12,"column":30}},"12":{"start":{"line":13,"column":0},"end":{"line":13,"column":68}},"13":{"start":{"line":14,"column":0},"end":{"line":14,"column":66}},"14":{"start":{"line":15,"column":0},"end":{"line":15,"column":47}},"15":{"start":{"line":16,"column":0},"end":{"line":16,"column":3}},"17":{"start":{"line":18,"column":0},"end":{"line":18,"column":48}},"18":{"start":{"line":19,"column":0},"end":{"line":19,"column":9}},"19":{"start":{"line":20,"column":0},"end":{"line":20,"column":36}},"20":{"start":{"line":21,"column":0},"end":{"line":21,"column":20}},"21":{"start":{"line":22,"column":0},"end":{"line":22,"column":18}},"22":{"start":{"line":23,"column":0},"end":{"line":23,"column":4}},"23":{"start":{"line":24,"column":0},"end":{"line":24,"column":67}},"24":{"start":{"line":25,"column":0},"end":{"line":25,"column":3}},"26":{"start":{"line":27,"column":0},"end":{"line":27,"column":38}},"27":{"start":{"line":28,"column":0},"end":{"line":28,"column":9}},"28":{"start":{"line":29,"column":0},"end":{"line":29,"column":13}},"29":{"start":{"line":30,"column":0},"end":{"line":30,"column":21}},"30":{"start":{"line":31,"column":0},"end":{"line":31,"column":29}},"31":{"start":{"line":32,"column":0},"end":{"line":32,"column":23}},"32":{"start":{"line":33,"column":0},"end":{"line":33,"column":19}},"33":{"start":{"line":34,"column":0},"end":{"line":34,"column":72}},"34":{"start":{"line":35,"column":0},"end":{"line":35,"column":36}},"35":{"start":{"line":36,"column":0},"end":{"line":36,"column":7}},"36":{"start":{"line":37,"column":0},"end":{"line":37,"column":4}},"37":{"start":{"line":38,"column":0},"end":{"line":38,"column":60}},"38":{"start":{"line":39,"column":0},"end":{"line":39,"column":56}},"39":{"start":{"line":40,"column":0},"end":{"line":40,"column":3}},"41":{"start":{"line":42,"column":0},"end":{"line":42,"column":51}},"42":{"start":{"line":43,"column":0},"end":{"line":43,"column":9}},"43":{"start":{"line":44,"column":0},"end":{"line":44,"column":33}},"44":{"start":{"line":45,"column":0},"end":{"line":45,"column":24}},"45":{"start":{"line":46,"column":0},"end":{"line":46,"column":19}},"46":{"start":{"line":47,"column":0},"end":{"line":47,"column":4}},"47":{"start":{"line":48,"column":0},"end":{"line":48,"column":58}},"48":{"start":{"line":49,"column":0},"end":{"line":49,"column":58}},"49":{"start":{"line":50,"column":0},"end":{"line":50,"column":3}}},"s":{"0":1,"1":1,"2":1,"3":1,"4":1,"5":1,"6":1,"7":1,"9":1,"10":1,"11":1,"12":1,"13":1,"14":1,"15":1,"17":1,"18":1,"19":1,"20":1,"21":1,"22":1,"23":1,"24":1,"26":1,"27":1,"28":1,"29":1,"30":1,"31":1,"32":1,"33":1,"34":1,"35":1,"36":1,"37":1,"38":1,"39":1,"41":1,"42":1,"43":1,"44":1,"45":1,"46":1,"47":1,"48":1,"49":1},"branchMap":{"0":{"type":"branch","line":10,"loc":{"start":{"line":10,"column":46},"end":{"line":16,"column":3}},"locations":[{"start":{"line":10,"column":46},"end":{"line":16,"column":3}}]},"1":{"type":"branch","line":18,"loc":{"start":{"line":18,"column":41},"end":{"line":25,"column":3}},"locations":[{"start":{"line":18,"column":41},"end":{"line":25,"column":3}}]},"2":{"type":"branch","line":27,"loc":{"start":{"line":27,"column":31},"end":{"line":40,"column":3}},"locations":[{"start":{"line":27,"column":31},"end":{"line":40,"column":3}}]},"3":{"type":"branch","line":42,"loc":{"start":{"line":42,"column":44},"end":{"line":50,"column":3}},"locations":[{"start":{"line":42,"column":44},"end":{"line":50,"column":3}}]}},"b":{"0":[1],"1":[1],"2":[1],"3":[1]},"fnMap":{},"f":{}}
,"C:\\Users\\anneb\\OneDrive\\Desktop\\GUI-2\\pos-app\\src\\components\\ui\\IconButton.jsx": {"path":"C:\\Users\\anneb\\OneDrive\\Desktop\\GUI-2\\pos-app\\src\\components\\ui\\IconButton.jsx","all":false,"statementMap":{"0":{"start":{"line":1,"column":0},"end":{"line":1,"column":21}},"1":{"start":{"line":2,"column":0},"end":{"line":2,"column":11}},"2":{"start":{"line":3,"column":0},"end":{"line":3,"column":17}},"3":{"start":{"line":4,"column":0},"end":{"line":4,"column":8}},"4":{"start":{"line":5,"column":0},"end":{"line":5,"column":10}},"5":{"start":{"line":6,"column":0},"end":{"line":6,"column":18}},"6":{"start":{"line":7,"column":0},"end":{"line":7,"column":9}},"7":{"start":{"line":8,"column":0},"end":{"line":8,"column":7}},"8":{"start":{"line":9,"column":0},"end":{"line":9,"column":9}},"9":{"start":{"line":10,"column":0},"end":{"line":10,"column":15}},"10":{"start":{"line":11,"column":0},"end":{"line":11,"column":22}},"11":{"start":{"line":12,"column":0},"end":{"line":12,"column":21}},"12":{"start":{"line":13,"column":0},"end":{"line":13,"column":245}},"13":{"start":{"line":14,"column":0},"end":{"line":14,"column":13}},"15":{"start":{"line":16,"column":0},"end":{"line":16,"column":14}},"16":{"start":{"line":17,"column":0},"end":{"line":17,"column":11}},"19":{"start":{"line":20,"column":0},"end":{"line":20,"column":26}}},"s":{"0":1,"1":34,"2":34,"3":34,"4":34,"5":34,"6":34,"7":34,"8":34,"9":34,"10":34,"11":34,"12":34,"13":34,"15":34,"16":34,"19":1},"branchMap":{"0":{"type":"branch","line":1,"loc":{"start":{"line":1,"column":19},"end":{"line":17,"column":11}},"locations":[{"start":{"line":1,"column":19},"end":{"line":17,"column":11}}]}},"b":{"0":[34]},"fnMap":{"0":{"name":"IconButton","decl":{"start":{"line":1,"column":19},"end":{"line":17,"column":11}},"loc":{"start":{"line":1,"column":19},"end":{"line":17,"column":11}},"line":1}},"f":{"0":34}}
,"C:\\Users\\anneb\\OneDrive\\Desktop\\GUI-2\\pos-app\\src\\components\\ui\\PrimaryButton.jsx": {"path":"C:\\Users\\anneb\\OneDrive\\Desktop\\GUI-2\\pos-app\\src\\components\\ui\\PrimaryButton.jsx","all":false,"statementMap":{"0":{"start":{"line":1,"column":0},"end":{"line":1,"column":24}},"1":{"start":{"line":2,"column":0},"end":{"line":2,"column":11}},"2":{"start":{"line":3,"column":0},"end":{"line":3,"column":17}},"3":{"start":{"line":4,"column":0},"end":{"line":4,"column":10}},"4":{"start":{"line":5,"column":0},"end":{"line":5,"column":18}},"5":{"start":{"line":6,"column":0},"end":{"line":6,"column":9}},"6":{"start":{"line":7,"column":0},"end":{"line":7,"column":7}},"7":{"start":{"line":8,"column":0},"end":{"line":8,"column":9}},"8":{"start":{"line":9,"column":0},"end":{"line":9,"column":15}},"9":{"start":{"line":10,"column":0},"end":{"line":10,"column":21}},"10":{"start":{"line":11,"column":0},"end":{"line":11,"column":259}},"11":{"start":{"line":12,"column":0},"end":{"line":12,"column":13}},"13":{"start":{"line":14,"column":0},"end":{"line":14,"column":14}},"14":{"start":{"line":15,"column":0},"end":{"line":15,"column":11}},"17":{"start":{"line":18,"column":0},"end":{"line":18,"column":29}}},"s":{"0":1,"1":42,"2":42,"3":42,"4":42,"5":42,"6":42,"7":42,"8":42,"9":42,"10":42,"11":42,"13":42,"14":42,"17":1},"branchMap":{"0":{"type":"branch","line":1,"loc":{"start":{"line":1,"column":22},"end":{"line":15,"column":11}},"locations":[{"start":{"line":1,"column":22},"end":{"line":15,"column":11}}]}},"b":{"0":[42]},"fnMap":{"0":{"name":"PrimaryButton","decl":{"start":{"line":1,"column":22},"end":{"line":15,"column":11}},"loc":{"start":{"line":1,"column":22},"end":{"line":15,"column":11}},"line":1}},"f":{"0":42}}
,"C:\\Users\\anneb\\OneDrive\\Desktop\\GUI-2\\pos-app\\src\\components\\ui\\SectionCard.jsx": {"path":"C:\\Users\\anneb\\OneDrive\\Desktop\\GUI-2\\pos-app\\src\\components\\ui\\SectionCard.jsx","all":false,"statementMap":{"0":{"start":{"line":1,"column":0},"end":{"line":1,"column":22}},"1":{"start":{"line":2,"column":0},"end":{"line":2,"column":11}},"2":{"start":{"line":3,"column":0},"end":{"line":3,"column":8}},"3":{"start":{"line":4,"column":0},"end":{"line":4,"column":17}},"4":{"start":{"line":5,"column":0},"end":{"line":5,"column":23}},"5":{"start":{"line":6,"column":0},"end":{"line":6,"column":22}},"6":{"start":{"line":7,"column":0},"end":{"line":7,"column":7}},"7":{"start":{"line":8,"column":0},"end":{"line":8,"column":6}},"8":{"start":{"line":9,"column":0},"end":{"line":9,"column":91}},"10":{"start":{"line":11,"column":0},"end":{"line":11,"column":8}},"11":{"start":{"line":12,"column":0},"end":{"line":12,"column":86}},"13":{"start":{"line":14,"column":0},"end":{"line":14,"column":74}},"14":{"start":{"line":15,"column":0},"end":{"line":15,"column":15}},"15":{"start":{"line":16,"column":0},"end":{"line":16,"column":11}},"16":{"start":{"line":17,"column":0},"end":{"line":17,"column":10}},"17":{"start":{"line":18,"column":0},"end":{"line":18,"column":14}},"18":{"start":{"line":19,"column":0},"end":{"line":19,"column":8}},"21":{"start":{"line":22,"column":0},"end":{"line":22,"column":27}}},"s":{"0":1,"1":33,"2":33,"3":33,"4":33,"5":33,"6":33,"7":33,"8":33,"10":33,"11":33,"13":33,"14":33,"15":33,"16":33,"17":33,"18":33,"21":1},"branchMap":{"0":{"type":"branch","line":1,"loc":{"start":{"line":1,"column":20},"end":{"line":19,"column":8}},"locations":[{"start":{"line":1,"column":20},"end":{"line":19,"column":8}}]}},"b":{"0":[33]},"fnMap":{"0":{"name":"SectionCard","decl":{"start":{"line":1,"column":20},"end":{"line":19,"column":8}},"loc":{"start":{"line":1,"column":20},"end":{"line":19,"column":8}},"line":1}},"f":{"0":33}}
,"C:\\Users\\anneb\\OneDrive\\Desktop\\GUI-2\\pos-app\\src\\components\\ui\\StatCard.jsx": {"path":"C:\\Users\\anneb\\OneDrive\\Desktop\\GUI-2\\pos-app\\src\\components\\ui\\StatCard.jsx","all":false,"statementMap":{"0":{"start":{"line":1,"column":0},"end":{"line":1,"column":19}},"1":{"start":{"line":2,"column":0},"end":{"line":2,"column":13}},"2":{"start":{"line":3,"column":0},"end":{"line":3,"column":25}},"3":{"start":{"line":4,"column":0},"end":{"line":4,"column":8}},"4":{"start":{"line":5,"column":0},"end":{"line":5,"column":8}},"5":{"start":{"line":6,"column":0},"end":{"line":6,"column":17}},"6":{"start":{"line":7,"column":0},"end":{"line":7,"column":22}},"7":{"start":{"line":8,"column":0},"end":{"line":8,"column":22}},"8":{"start":{"line":9,"column":0},"end":{"line":9,"column":7}},"9":{"start":{"line":10,"column":0},"end":{"line":10,"column":59}},"10":{"start":{"line":11,"column":0},"end":{"line":11,"column":60}},"11":{"start":{"line":12,"column":0},"end":{"line":12,"column":34}},"12":{"start":{"line":13,"column":0},"end":{"line":13,"column":46}},"13":{"start":{"line":14,"column":0},"end":{"line":14,"column":10}},"14":{"start":{"line":15,"column":0},"end":{"line":15,"column":78}},"15":{"start":{"line":16,"column":0},"end":{"line":16,"column":49}},"16":{"start":{"line":17,"column":0},"end":{"line":17,"column":8}},"19":{"start":{"line":20,"column":0},"end":{"line":20,"column":24}}},"s":{"0":1,"1":7,"2":7,"3":7,"4":7,"5":7,"6":7,"7":7,"8":7,"9":7,"10":7,"11":7,"12":7,"13":7,"14":7,"15":7,"16":7,"19":1},"branchMap":{"0":{"type":"branch","line":1,"loc":{"start":{"line":1,"column":17},"end":{"line":17,"column":8}},"locations":[{"start":{"line":1,"column":17},"end":{"line":17,"column":8}}]}},"b":{"0":[7]},"fnMap":{"0":{"name":"StatCard","decl":{"start":{"line":1,"column":17},"end":{"line":17,"column":8}},"loc":{"start":{"line":1,"column":17},"end":{"line":17,"column":8}},"line":1}},"f":{"0":7}}
}
